PayPal\Core\PPAPIService: Request: <soapenv:Envelope  xmlns:soapenv="http://schemas.xmlsoap.org/soap/envelope/"  xmlns:ns="urn:ebay:api:PayPalAPI" xmlns:ebl="urn:ebay:apis:eBLBaseComponents" xmlns:cc="urn:ebay:apis:CoreComponentTypes" xmlns:ed="urn:ebay:apis:EnhancedDataTypes" ><soapenv:Header><ns:RequesterCredentials><ebl:Credentials><ebl:Username>seller.test_api1.haseeburrehman.com</ebl:Username><ebl:Password>HY6ENM7SA5SNFQNA</ebl:Password><ebl:Signature>AFcWxV21C7fd0v3bYYYRCpSSRl31AnJosL9DcfX40xgafuxK5ReHIdQB</ebl:Signature></ebl:Credentials></ns:RequesterCredentials></soapenv:Header><soapenv:Body><ns:RefundTransactionReq><ns:RefundTransactionRequest><ns:PayerID>B-4KM10611LT757154G</ns:PayerID><ns:RefundType>FULL</ns:RefundType><ns:Memo>Decline offer</ns:Memo><ebl:Version>106.0</ebl:Version></ns:RefundTransactionRequest></ns:RefundTransactionReq></soapenv:Body></soapenv:Envelope>
PayPal\Core\PPHttpConnection: Adding header X-PAYPAL-REQUEST-DATA-FORMAT: SOAP
PayPal\Core\PPHttpConnection: Adding header X-PAYPAL-RESPONSE-DATA-FORMAT: SOAP
PayPal\Core\PPHttpConnection: Adding header X-PAYPAL-DEVICE-IPADDRESS: ::1
PayPal\Core\PPHttpConnection: Adding header X-PAYPAL-REQUEST-SOURCE: merchant-php-sdk-3.6.106
PayPal\Core\PPHttpConnection: Invalid or no certificate authority found - Retrying using bundled CA certs file
PayPal\Core\PPAPIService: Request: <soapenv:Envelope  xmlns:soapenv="http://schemas.xmlsoap.org/soap/envelope/"  xmlns:ns="urn:ebay:api:PayPalAPI" xmlns:ebl="urn:ebay:apis:eBLBaseComponents" xmlns:cc="urn:ebay:apis:CoreComponentTypes" xmlns:ed="urn:ebay:apis:EnhancedDataTypes" ><soapenv:Header><ns:RequesterCredentials><ebl:Credentials><ebl:Username>seller.test_api1.haseeburrehman.com</ebl:Username><ebl:Password>HY6ENM7SA5SNFQNA</ebl:Password><ebl:Signature>AFcWxV21C7fd0v3bYYYRCpSSRl31AnJosL9DcfX40xgafuxK5ReHIdQB</ebl:Signature></ebl:Credentials></ns:RequesterCredentials></soapenv:Header><soapenv:Body><ns:RefundTransactionReq><ns:RefundTransactionRequest><ns:PayerID>B-4KM10611LT757154G</ns:PayerID><ns:RefundType>FULL</ns:RefundType><ns:Memo>Decline offer</ns:Memo><ebl:Version>106.0</ebl:Version></ns:RefundTransactionRequest></ns:RefundTransactionReq></soapenv:Body></soapenv:Envelope>
PayPal\Core\PPHttpConnection: Adding header X-PAYPAL-REQUEST-DATA-FORMAT: SOAP
PayPal\Core\PPHttpConnection: Adding header X-PAYPAL-RESPONSE-DATA-FORMAT: SOAP
PayPal\Core\PPHttpConnection: Adding header X-PAYPAL-DEVICE-IPADDRESS: ::1
PayPal\Core\PPHttpConnection: Adding header X-PAYPAL-REQUEST-SOURCE: merchant-php-sdk-3.6.106
PayPal\Core\PPHttpConnection: Invalid or no certificate authority found - Retrying using bundled CA certs file
PayPal\Core\PPAPIService: Request: <soapenv:Envelope  xmlns:soapenv="http://schemas.xmlsoap.org/soap/envelope/"  xmlns:ns="urn:ebay:api:PayPalAPI" xmlns:ebl="urn:ebay:apis:eBLBaseComponents" xmlns:cc="urn:ebay:apis:CoreComponentTypes" xmlns:ed="urn:ebay:apis:EnhancedDataTypes" ><soapenv:Header><ns:RequesterCredentials><ebl:Credentials><ebl:Username>seller.test_api1.haseeburrehman.com</ebl:Username><ebl:Password>HY6ENM7SA5SNFQNA</ebl:Password><ebl:Signature>AFcWxV21C7fd0v3bYYYRCpSSRl31AnJosL9DcfX40xgafuxK5ReHIdQB</ebl:Signature></ebl:Credentials></ns:RequesterCredentials></soapenv:Header><soapenv:Body><ns:RefundTransactionReq><ns:RefundTransactionRequest><ns:TransactionID>5YE52557DL6773900</ns:TransactionID><ns:RefundType>FULL</ns:RefundType><ns:Memo>Decline offer</ns:Memo><ebl:Version>106.0</ebl:Version></ns:RefundTransactionRequest></ns:RefundTransactionReq></soapenv:Body></soapenv:Envelope>
PayPal\Core\PPHttpConnection: Adding header X-PAYPAL-REQUEST-DATA-FORMAT: SOAP
PayPal\Core\PPHttpConnection: Adding header X-PAYPAL-RESPONSE-DATA-FORMAT: SOAP
PayPal\Core\PPHttpConnection: Adding header X-PAYPAL-DEVICE-IPADDRESS: ::1
PayPal\Core\PPHttpConnection: Adding header X-PAYPAL-REQUEST-SOURCE: merchant-php-sdk-3.6.106
PayPal\Core\PPHttpConnection: Invalid or no certificate authority found - Retrying using bundled CA certs file
PayPal\Core\PPAPIService: Request: <soapenv:Envelope  xmlns:soapenv="http://schemas.xmlsoap.org/soap/envelope/"  xmlns:ns="urn:ebay:api:PayPalAPI" xmlns:ebl="urn:ebay:apis:eBLBaseComponents" xmlns:cc="urn:ebay:apis:CoreComponentTypes" xmlns:ed="urn:ebay:apis:EnhancedDataTypes" ><soapenv:Header><ns:RequesterCredentials><ebl:Credentials><ebl:Username>seller.test_api1.haseeburrehman.com</ebl:Username><ebl:Password>HY6ENM7SA5SNFQNA</ebl:Password><ebl:Signature>AFcWxV21C7fd0v3bYYYRCpSSRl31AnJosL9DcfX40xgafuxK5ReHIdQB</ebl:Signature></ebl:Credentials></ns:RequesterCredentials></soapenv:Header><soapenv:Body><ns:RefundTransactionReq><ns:RefundTransactionRequest><ns:TransactionID>5YE52557DL6773900</ns:TransactionID><ns:RefundType>FULL</ns:RefundType><ns:Memo>Decline offer</ns:Memo><ebl:Version>106.0</ebl:Version></ns:RefundTransactionRequest></ns:RefundTransactionReq></soapenv:Body></soapenv:Envelope>
PayPal\Core\PPHttpConnection: Adding header X-PAYPAL-REQUEST-DATA-FORMAT: SOAP
PayPal\Core\PPHttpConnection: Adding header X-PAYPAL-RESPONSE-DATA-FORMAT: SOAP
PayPal\Core\PPHttpConnection: Adding header X-PAYPAL-DEVICE-IPADDRESS: ::1
PayPal\Core\PPHttpConnection: Adding header X-PAYPAL-REQUEST-SOURCE: merchant-php-sdk-3.6.106
PayPal\Core\PPHttpConnection: Invalid or no certificate authority found - Retrying using bundled CA certs file
PayPal\Core\PPAPIService: Request: <soapenv:Envelope  xmlns:soapenv="http://schemas.xmlsoap.org/soap/envelope/"  xmlns:ns="urn:ebay:api:PayPalAPI" xmlns:ebl="urn:ebay:apis:eBLBaseComponents" xmlns:cc="urn:ebay:apis:CoreComponentTypes" xmlns:ed="urn:ebay:apis:EnhancedDataTypes" ><soapenv:Header><ns:RequesterCredentials><ebl:Credentials><ebl:Username>seller.test_api1.haseeburrehman.com</ebl:Username><ebl:Password>HY6ENM7SA5SNFQNA</ebl:Password><ebl:Signature>AFcWxV21C7fd0v3bYYYRCpSSRl31AnJosL9DcfX40xgafuxK5ReHIdQB</ebl:Signature></ebl:Credentials></ns:RequesterCredentials></soapenv:Header><soapenv:Body><ns:RefundTransactionReq><ns:RefundTransactionRequest><ns:TransactionID>5YE52557DL6773900</ns:TransactionID><ns:RefundType>FULL</ns:RefundType><ns:Memo>Decline offer</ns:Memo><ebl:Version>106.0</ebl:Version></ns:RefundTransactionRequest></ns:RefundTransactionReq></soapenv:Body></soapenv:Envelope>
PayPal\Core\PPHttpConnection: Adding header X-PAYPAL-REQUEST-DATA-FORMAT: SOAP
PayPal\Core\PPHttpConnection: Adding header X-PAYPAL-RESPONSE-DATA-FORMAT: SOAP
PayPal\Core\PPHttpConnection: Adding header X-PAYPAL-DEVICE-IPADDRESS: ::1
PayPal\Core\PPHttpConnection: Adding header X-PAYPAL-REQUEST-SOURCE: merchant-php-sdk-3.6.106
PayPal\Core\PPHttpConnection: Invalid or no certificate authority found - Retrying using bundled CA certs file
PayPal\Core\PPAPIService: Request: <soapenv:Envelope  xmlns:soapenv="http://schemas.xmlsoap.org/soap/envelope/"  xmlns:ns="urn:ebay:api:PayPalAPI" xmlns:ebl="urn:ebay:apis:eBLBaseComponents" xmlns:cc="urn:ebay:apis:CoreComponentTypes" xmlns:ed="urn:ebay:apis:EnhancedDataTypes" ><soapenv:Header><ns:RequesterCredentials><ebl:Credentials><ebl:Username>seller.test_api1.haseeburrehman.com</ebl:Username><ebl:Password>HY6ENM7SA5SNFQNA</ebl:Password><ebl:Signature>AFcWxV21C7fd0v3bYYYRCpSSRl31AnJosL9DcfX40xgafuxK5ReHIdQB</ebl:Signature></ebl:Credentials></ns:RequesterCredentials></soapenv:Header><soapenv:Body><ns:RefundTransactionReq><ns:RefundTransactionRequest><ns:TransactionID>5YE52557DL6773900</ns:TransactionID><ns:RefundType>FULL</ns:RefundType><ns:Memo>Decline offer</ns:Memo><ebl:Version>106.0</ebl:Version></ns:RefundTransactionRequest></ns:RefundTransactionReq></soapenv:Body></soapenv:Envelope>
PayPal\Core\PPHttpConnection: Adding header X-PAYPAL-REQUEST-DATA-FORMAT: SOAP
PayPal\Core\PPHttpConnection: Adding header X-PAYPAL-RESPONSE-DATA-FORMAT: SOAP
PayPal\Core\PPHttpConnection: Adding header X-PAYPAL-DEVICE-IPADDRESS: ::1
PayPal\Core\PPHttpConnection: Adding header X-PAYPAL-REQUEST-SOURCE: merchant-php-sdk-3.6.106
PayPal\Core\PPHttpConnection: Invalid or no certificate authority found - Retrying using bundled CA certs file
PayPal\Core\PPAPIService: Request: <soapenv:Envelope  xmlns:soapenv="http://schemas.xmlsoap.org/soap/envelope/"  xmlns:ns="urn:ebay:api:PayPalAPI" xmlns:ebl="urn:ebay:apis:eBLBaseComponents" xmlns:cc="urn:ebay:apis:CoreComponentTypes" xmlns:ed="urn:ebay:apis:EnhancedDataTypes" ><soapenv:Header><ns:RequesterCredentials><ebl:Credentials><ebl:Username>seller.test_api1.haseeburrehman.com</ebl:Username><ebl:Password>HY6ENM7SA5SNFQNA</ebl:Password><ebl:Signature>AFcWxV21C7fd0v3bYYYRCpSSRl31AnJosL9DcfX40xgafuxK5ReHIdQB</ebl:Signature></ebl:Credentials></ns:RequesterCredentials></soapenv:Header><soapenv:Body><ns:RefundTransactionReq><ns:RefundTransactionRequest><ns:TransactionID>fsdfdsfdsfdsfdsdfs</ns:TransactionID><ns:RefundType>FULL</ns:RefundType><ns:Memo>Decline offer</ns:Memo><ebl:Version>106.0</ebl:Version></ns:RefundTransactionRequest></ns:RefundTransactionReq></soapenv:Body></soapenv:Envelope>
PayPal\Core\PPHttpConnection: Adding header X-PAYPAL-REQUEST-DATA-FORMAT: SOAP
PayPal\Core\PPHttpConnection: Adding header X-PAYPAL-RESPONSE-DATA-FORMAT: SOAP
PayPal\Core\PPHttpConnection: Adding header X-PAYPAL-DEVICE-IPADDRESS: ::1
PayPal\Core\PPHttpConnection: Adding header X-PAYPAL-REQUEST-SOURCE: merchant-php-sdk-3.6.106
PayPal\Core\PPHttpConnection: Invalid or no certificate authority found - Retrying using bundled CA certs file
PayPal\Core\PPAPIService: Request: <soapenv:Envelope  xmlns:soapenv="http://schemas.xmlsoap.org/soap/envelope/"  xmlns:ns="urn:ebay:api:PayPalAPI" xmlns:ebl="urn:ebay:apis:eBLBaseComponents" xmlns:cc="urn:ebay:apis:CoreComponentTypes" xmlns:ed="urn:ebay:apis:EnhancedDataTypes" ><soapenv:Header><ns:RequesterCredentials><ebl:Credentials><ebl:Username>seller.test_api1.haseeburrehman.com</ebl:Username><ebl:Password>HY6ENM7SA5SNFQNA</ebl:Password><ebl:Signature>AFcWxV21C7fd0v3bYYYRCpSSRl31AnJosL9DcfX40xgafuxK5ReHIdQB</ebl:Signature></ebl:Credentials></ns:RequesterCredentials></soapenv:Header><soapenv:Body><ns:RefundTransactionReq><ns:RefundTransactionRequest><ns:TransactionID>fsdfdsfdsfdsfdsdfs</ns:TransactionID><ns:RefundType>FULL</ns:RefundType><ns:Memo>Decline offer</ns:Memo><ebl:Version>106.0</ebl:Version></ns:RefundTransactionRequest></ns:RefundTransactionReq></soapenv:Body></soapenv:Envelope>
PayPal\Core\PPHttpConnection: Adding header X-PAYPAL-REQUEST-DATA-FORMAT: SOAP
PayPal\Core\PPHttpConnection: Adding header X-PAYPAL-RESPONSE-DATA-FORMAT: SOAP
PayPal\Core\PPHttpConnection: Adding header X-PAYPAL-DEVICE-IPADDRESS: ::1
PayPal\Core\PPHttpConnection: Adding header X-PAYPAL-REQUEST-SOURCE: merchant-php-sdk-3.6.106
PayPal\Core\PPHttpConnection: Invalid or no certificate authority found - Retrying using bundled CA certs file
PayPal\Core\PPAPIService: Request: <soapenv:Envelope  xmlns:soapenv="http://schemas.xmlsoap.org/soap/envelope/"  xmlns:ns="urn:ebay:api:PayPalAPI" xmlns:ebl="urn:ebay:apis:eBLBaseComponents" xmlns:cc="urn:ebay:apis:CoreComponentTypes" xmlns:ed="urn:ebay:apis:EnhancedDataTypes" ><soapenv:Header><ns:RequesterCredentials><ebl:Credentials><ebl:Username>seller.test_api1.haseeburrehman.com</ebl:Username><ebl:Password>HY6ENM7SA5SNFQNA</ebl:Password><ebl:Signature>AFcWxV21C7fd0v3bYYYRCpSSRl31AnJosL9DcfX40xgafuxK5ReHIdQB</ebl:Signature></ebl:Credentials></ns:RequesterCredentials></soapenv:Header><soapenv:Body><ns:RefundTransactionReq><ns:RefundTransactionRequest><ns:TransactionID>fsdfdsfdsfdsfdsdfs</ns:TransactionID><ns:RefundType>ffdsfdf</ns:RefundType><ns:Memo>Decline offer</ns:Memo><ebl:Version>106.0</ebl:Version></ns:RefundTransactionRequest></ns:RefundTransactionReq></soapenv:Body></soapenv:Envelope>
PayPal\Core\PPHttpConnection: Adding header X-PAYPAL-REQUEST-DATA-FORMAT: SOAP
PayPal\Core\PPHttpConnection: Adding header X-PAYPAL-RESPONSE-DATA-FORMAT: SOAP
PayPal\Core\PPHttpConnection: Adding header X-PAYPAL-DEVICE-IPADDRESS: ::1
PayPal\Core\PPHttpConnection: Adding header X-PAYPAL-REQUEST-SOURCE: merchant-php-sdk-3.6.106
PayPal\Core\PPHttpConnection: Invalid or no certificate authority found - Retrying using bundled CA certs file
PayPal\Core\PPAPIService: Request: <soapenv:Envelope  xmlns:soapenv="http://schemas.xmlsoap.org/soap/envelope/"  xmlns:ns="urn:ebay:api:PayPalAPI" xmlns:ebl="urn:ebay:apis:eBLBaseComponents" xmlns:cc="urn:ebay:apis:CoreComponentTypes" xmlns:ed="urn:ebay:apis:EnhancedDataTypes" ><soapenv:Header><ns:RequesterCredentials><ebl:Credentials><ebl:Username>seller.test_api1.haseeburrehman.com</ebl:Username><ebl:Password>HY6ENM7SA5SNFQNA</ebl:Password><ebl:Signature>AFcWxV21C7fd0v3bYYYRCpSSRl31AnJosL9DcfX40xgafuxK5ReHIdQB</ebl:Signature></ebl:Credentials></ns:RequesterCredentials></soapenv:Header><soapenv:Body><ns:RefundTransactionReq><ns:RefundTransactionRequest><ns:TransactionID>fsdfdsfdsfdsfdsdfs</ns:TransactionID><ns:RefundType>ffdsfdf</ns:RefundType><ns:Memo>Decline offer</ns:Memo><ebl:Version>106.0</ebl:Version></ns:RefundTransactionRequest></ns:RefundTransactionReq></soapenv:Body></soapenv:Envelope>
PayPal\Core\PPHttpConnection: Adding header X-PAYPAL-REQUEST-DATA-FORMAT: SOAP
PayPal\Core\PPHttpConnection: Adding header X-PAYPAL-RESPONSE-DATA-FORMAT: SOAP
PayPal\Core\PPHttpConnection: Adding header X-PAYPAL-DEVICE-IPADDRESS: ::1
PayPal\Core\PPHttpConnection: Adding header X-PAYPAL-REQUEST-SOURCE: merchant-php-sdk-3.6.106
PayPal\Core\PPHttpConnection: Invalid or no certificate authority found - Retrying using bundled CA certs file
PayPal\Core\PPAPIService: Request: <soapenv:Envelope  xmlns:soapenv="http://schemas.xmlsoap.org/soap/envelope/"  xmlns:ns="urn:ebay:api:PayPalAPI" xmlns:ebl="urn:ebay:apis:eBLBaseComponents" xmlns:cc="urn:ebay:apis:CoreComponentTypes" xmlns:ed="urn:ebay:apis:EnhancedDataTypes" ><soapenv:Header><ns:RequesterCredentials><ebl:Credentials><ebl:Username>seller.test_api1.haseeburrehman.com</ebl:Username><ebl:Password>HY6ENM7SA5SNFQNA</ebl:Password><ebl:Signature>AFcWxV21C7fd0v3bYYYRCpSSRl31AnJosL9DcfX40xgafuxK5ReHIdQB</ebl:Signature></ebl:Credentials></ns:RequesterCredentials></soapenv:Header><soapenv:Body><ns:RefundTransactionReq><ns:RefundTransactionRequest><ns:TransactionID>1HV44800EW696850M</ns:TransactionID><ns:RefundType>FULL</ns:RefundType><ns:Memo>Decline offer</ns:Memo><ebl:Version>106.0</ebl:Version></ns:RefundTransactionRequest></ns:RefundTransactionReq></soapenv:Body></soapenv:Envelope>
PayPal\Core\PPHttpConnection: Adding header X-PAYPAL-REQUEST-DATA-FORMAT: SOAP
PayPal\Core\PPHttpConnection: Adding header X-PAYPAL-RESPONSE-DATA-FORMAT: SOAP
PayPal\Core\PPHttpConnection: Adding header X-PAYPAL-DEVICE-IPADDRESS: ::1
PayPal\Core\PPHttpConnection: Adding header X-PAYPAL-REQUEST-SOURCE: merchant-php-sdk-3.6.106
PayPal\Core\PPHttpConnection: Invalid or no certificate authority found - Retrying using bundled CA certs file
PayPal\Core\PPAPIService: Request: <soapenv:Envelope  xmlns:soapenv="http://schemas.xmlsoap.org/soap/envelope/"  xmlns:ns="urn:ebay:api:PayPalAPI" xmlns:ebl="urn:ebay:apis:eBLBaseComponents" xmlns:cc="urn:ebay:apis:CoreComponentTypes" xmlns:ed="urn:ebay:apis:EnhancedDataTypes" ><soapenv:Header><ns:RequesterCredentials><ebl:Credentials><ebl:Username>seller.test_api1.haseeburrehman.com</ebl:Username><ebl:Password>HY6ENM7SA5SNFQNA</ebl:Password><ebl:Signature>AFcWxV21C7fd0v3bYYYRCpSSRl31AnJosL9DcfX40xgafuxK5ReHIdQB</ebl:Signature></ebl:Credentials></ns:RequesterCredentials></soapenv:Header><soapenv:Body><ns:RefundTransactionReq><ns:RefundTransactionRequest><ns:TransactionID>1HV44800EW696850M</ns:TransactionID><ns:RefundType>FULL</ns:RefundType><ns:Memo>Decline offer</ns:Memo><ebl:Version>106.0</ebl:Version></ns:RefundTransactionRequest></ns:RefundTransactionReq></soapenv:Body></soapenv:Envelope>
PayPal\Core\PPHttpConnection: Adding header X-PAYPAL-REQUEST-DATA-FORMAT: SOAP
PayPal\Core\PPHttpConnection: Adding header X-PAYPAL-RESPONSE-DATA-FORMAT: SOAP
PayPal\Core\PPHttpConnection: Adding header X-PAYPAL-DEVICE-IPADDRESS: ::1
PayPal\Core\PPHttpConnection: Adding header X-PAYPAL-REQUEST-SOURCE: merchant-php-sdk-3.6.106
PayPal\Core\PPHttpConnection: Invalid or no certificate authority found - Retrying using bundled CA certs file
PayPal\Core\PPAPIService: Request: <soapenv:Envelope  xmlns:soapenv="http://schemas.xmlsoap.org/soap/envelope/"  xmlns:ns="urn:ebay:api:PayPalAPI" xmlns:ebl="urn:ebay:apis:eBLBaseComponents" xmlns:cc="urn:ebay:apis:CoreComponentTypes" xmlns:ed="urn:ebay:apis:EnhancedDataTypes" ><soapenv:Header><ns:RequesterCredentials><ebl:Credentials><ebl:Username>seller.test_api1.haseeburrehman.com</ebl:Username><ebl:Password>HY6ENM7SA5SNFQNA</ebl:Password><ebl:Signature>AFcWxV21C7fd0v3bYYYRCpSSRl31AnJosL9DcfX40xgafuxK5ReHIdQB</ebl:Signature></ebl:Credentials></ns:RequesterCredentials></soapenv:Header><soapenv:Body><ns:RefundTransactionReq><ns:RefundTransactionRequest><ns:TransactionID>1HV44800EW696850M</ns:TransactionID><ns:RefundType>FULL</ns:RefundType><ns:Memo>Decline offer</ns:Memo><ebl:Version>106.0</ebl:Version></ns:RefundTransactionRequest></ns:RefundTransactionReq></soapenv:Body></soapenv:Envelope>
PayPal\Core\PPHttpConnection: Adding header X-PAYPAL-REQUEST-DATA-FORMAT: SOAP
PayPal\Core\PPHttpConnection: Adding header X-PAYPAL-RESPONSE-DATA-FORMAT: SOAP
PayPal\Core\PPHttpConnection: Adding header X-PAYPAL-DEVICE-IPADDRESS: ::1
PayPal\Core\PPHttpConnection: Adding header X-PAYPAL-REQUEST-SOURCE: merchant-php-sdk-3.6.106
PayPal\Core\PPHttpConnection: Invalid or no certificate authority found - Retrying using bundled CA certs file
PayPal\Core\PPAPIService: Request: <soapenv:Envelope  xmlns:soapenv="http://schemas.xmlsoap.org/soap/envelope/"  xmlns:ns="urn:ebay:api:PayPalAPI" xmlns:ebl="urn:ebay:apis:eBLBaseComponents" xmlns:cc="urn:ebay:apis:CoreComponentTypes" xmlns:ed="urn:ebay:apis:EnhancedDataTypes" ><soapenv:Header><ns:RequesterCredentials><ebl:Credentials><ebl:Username>seller.test_api1.haseeburrehman.com</ebl:Username><ebl:Password>HY6ENM7SA5SNFQNA</ebl:Password><ebl:Signature>AFcWxV21C7fd0v3bYYYRCpSSRl31AnJosL9DcfX40xgafuxK5ReHIdQB</ebl:Signature></ebl:Credentials></ns:RequesterCredentials></soapenv:Header><soapenv:Body><ns:RefundTransactionReq><ns:RefundTransactionRequest><ns:TransactionID>1HV44800EW696850M</ns:TransactionID><ns:RefundType>FULL</ns:RefundType><ns:Memo>Decline offer</ns:Memo><ebl:Version>106.0</ebl:Version></ns:RefundTransactionRequest></ns:RefundTransactionReq></soapenv:Body></soapenv:Envelope>
PayPal\Core\PPHttpConnection: Adding header X-PAYPAL-REQUEST-DATA-FORMAT: SOAP
PayPal\Core\PPHttpConnection: Adding header X-PAYPAL-RESPONSE-DATA-FORMAT: SOAP
PayPal\Core\PPHttpConnection: Adding header X-PAYPAL-DEVICE-IPADDRESS: ::1
PayPal\Core\PPHttpConnection: Adding header X-PAYPAL-REQUEST-SOURCE: merchant-php-sdk-3.6.106
PayPal\Core\PPHttpConnection: Invalid or no certificate authority found - Retrying using bundled CA certs file
PayPal\Core\PPAPIService: Request: <soapenv:Envelope  xmlns:soapenv="http://schemas.xmlsoap.org/soap/envelope/"  xmlns:ns="urn:ebay:api:PayPalAPI" xmlns:ebl="urn:ebay:apis:eBLBaseComponents" xmlns:cc="urn:ebay:apis:CoreComponentTypes" xmlns:ed="urn:ebay:apis:EnhancedDataTypes" ><soapenv:Header><ns:RequesterCredentials><ebl:Credentials><ebl:Username>seller.test_api1.haseeburrehman.com</ebl:Username><ebl:Password>HY6ENM7SA5SNFQNA</ebl:Password><ebl:Signature>AFcWxV21C7fd0v3bYYYRCpSSRl31AnJosL9DcfX40xgafuxK5ReHIdQB</ebl:Signature></ebl:Credentials></ns:RequesterCredentials></soapenv:Header><soapenv:Body><ns:RefundTransactionReq><ns:RefundTransactionRequest><ns:TransactionID>1HV44800EW696850M</ns:TransactionID><ns:RefundType>FULL</ns:RefundType><ns:Memo>Decline offer</ns:Memo><ebl:Version>106.0</ebl:Version></ns:RefundTransactionRequest></ns:RefundTransactionReq></soapenv:Body></soapenv:Envelope>
PayPal\Core\PPHttpConnection: Adding header X-PAYPAL-REQUEST-DATA-FORMAT: SOAP
PayPal\Core\PPHttpConnection: Adding header X-PAYPAL-RESPONSE-DATA-FORMAT: SOAP
PayPal\Core\PPHttpConnection: Adding header X-PAYPAL-DEVICE-IPADDRESS: ::1
PayPal\Core\PPHttpConnection: Adding header X-PAYPAL-REQUEST-SOURCE: merchant-php-sdk-3.6.106
PayPal\Core\PPHttpConnection: Invalid or no certificate authority found - Retrying using bundled CA certs file
PayPal\Core\PPAPIService: Request: <soapenv:Envelope  xmlns:soapenv="http://schemas.xmlsoap.org/soap/envelope/"  xmlns:ns="urn:ebay:api:PayPalAPI" xmlns:ebl="urn:ebay:apis:eBLBaseComponents" xmlns:cc="urn:ebay:apis:CoreComponentTypes" xmlns:ed="urn:ebay:apis:EnhancedDataTypes" ><soapenv:Header><ns:RequesterCredentials><ebl:Credentials><ebl:Username>seller.test_api1.haseeburrehman.com</ebl:Username><ebl:Password>HY6ENM7SA5SNFQNA</ebl:Password><ebl:Signature>AFcWxV21C7fd0v3bYYYRCpSSRl31AnJosL9DcfX40xgafuxK5ReHIdQB</ebl:Signature></ebl:Credentials></ns:RequesterCredentials></soapenv:Header><soapenv:Body><ns:RefundTransactionReq><ns:RefundTransactionRequest><ns:TransactionID>1HV44800EW696850M</ns:TransactionID><ns:RefundType>FULL</ns:RefundType><ns:Memo>Decline offer</ns:Memo><ebl:Version>106.0</ebl:Version></ns:RefundTransactionRequest></ns:RefundTransactionReq></soapenv:Body></soapenv:Envelope>
PayPal\Core\PPHttpConnection: Adding header X-PAYPAL-REQUEST-DATA-FORMAT: SOAP
PayPal\Core\PPHttpConnection: Adding header X-PAYPAL-RESPONSE-DATA-FORMAT: SOAP
PayPal\Core\PPHttpConnection: Adding header X-PAYPAL-DEVICE-IPADDRESS: ::1
PayPal\Core\PPHttpConnection: Adding header X-PAYPAL-REQUEST-SOURCE: merchant-php-sdk-3.6.106
PayPal\Core\PPHttpConnection: Invalid or no certificate authority found - Retrying using bundled CA certs file
PayPal\Core\PPAPIService: Request: <soapenv:Envelope  xmlns:soapenv="http://schemas.xmlsoap.org/soap/envelope/"  xmlns:ns="urn:ebay:api:PayPalAPI" xmlns:ebl="urn:ebay:apis:eBLBaseComponents" xmlns:cc="urn:ebay:apis:CoreComponentTypes" xmlns:ed="urn:ebay:apis:EnhancedDataTypes" ><soapenv:Header><ns:RequesterCredentials><ebl:Credentials><ebl:Username>seller.test_api1.haseeburrehman.com</ebl:Username><ebl:Password>HY6ENM7SA5SNFQNA</ebl:Password><ebl:Signature>AFcWxV21C7fd0v3bYYYRCpSSRl31AnJosL9DcfX40xgafuxK5ReHIdQB</ebl:Signature></ebl:Credentials></ns:RequesterCredentials></soapenv:Header><soapenv:Body><ns:RefundTransactionReq><ns:RefundTransactionRequest><ns:TransactionID>1HV44800EW696850M</ns:TransactionID><ns:RefundType>FULL</ns:RefundType><ns:Memo>Decline offer</ns:Memo><ebl:Version>106.0</ebl:Version></ns:RefundTransactionRequest></ns:RefundTransactionReq></soapenv:Body></soapenv:Envelope>
PayPal\Core\PPHttpConnection: Adding header X-PAYPAL-REQUEST-DATA-FORMAT: SOAP
PayPal\Core\PPHttpConnection: Adding header X-PAYPAL-RESPONSE-DATA-FORMAT: SOAP
PayPal\Core\PPHttpConnection: Adding header X-PAYPAL-DEVICE-IPADDRESS: ::1
PayPal\Core\PPHttpConnection: Adding header X-PAYPAL-REQUEST-SOURCE: merchant-php-sdk-3.6.106
PayPal\Core\PPHttpConnection: Invalid or no certificate authority found - Retrying using bundled CA certs file
PayPal\Core\PPAPIService: Request: <soapenv:Envelope  xmlns:soapenv="http://schemas.xmlsoap.org/soap/envelope/"  xmlns:ns="urn:ebay:api:PayPalAPI" xmlns:ebl="urn:ebay:apis:eBLBaseComponents" xmlns:cc="urn:ebay:apis:CoreComponentTypes" xmlns:ed="urn:ebay:apis:EnhancedDataTypes" ><soapenv:Header><ns:RequesterCredentials><ebl:Credentials><ebl:Username>seller.test_api1.haseeburrehman.com</ebl:Username><ebl:Password>HY6ENM7SA5SNFQNA</ebl:Password><ebl:Signature>AFcWxV21C7fd0v3bYYYRCpSSRl31AnJosL9DcfX40xgafuxK5ReHIdQB</ebl:Signature></ebl:Credentials></ns:RequesterCredentials></soapenv:Header><soapenv:Body><ns:RefundTransactionReq><ns:RefundTransactionRequest><ns:TransactionID>1HV44800EW696850M</ns:TransactionID><ns:RefundType>FULL</ns:RefundType><ns:Memo>Decline offer</ns:Memo><ebl:Version>106.0</ebl:Version></ns:RefundTransactionRequest></ns:RefundTransactionReq></soapenv:Body></soapenv:Envelope>
PayPal\Core\PPHttpConnection: Adding header X-PAYPAL-REQUEST-DATA-FORMAT: SOAP
PayPal\Core\PPHttpConnection: Adding header X-PAYPAL-RESPONSE-DATA-FORMAT: SOAP
PayPal\Core\PPHttpConnection: Adding header X-PAYPAL-DEVICE-IPADDRESS: ::1
PayPal\Core\PPHttpConnection: Adding header X-PAYPAL-REQUEST-SOURCE: merchant-php-sdk-3.6.106
PayPal\Core\PPHttpConnection: Invalid or no certificate authority found - Retrying using bundled CA certs file
PayPal\Core\PPAPIService: Request: <soapenv:Envelope  xmlns:soapenv="http://schemas.xmlsoap.org/soap/envelope/"  xmlns:ns="urn:ebay:api:PayPalAPI" xmlns:ebl="urn:ebay:apis:eBLBaseComponents" xmlns:cc="urn:ebay:apis:CoreComponentTypes" xmlns:ed="urn:ebay:apis:EnhancedDataTypes" ><soapenv:Header><ns:RequesterCredentials><ebl:Credentials><ebl:Username>seller.test_api1.haseeburrehman.com</ebl:Username><ebl:Password>HY6ENM7SA5SNFQNA</ebl:Password><ebl:Signature>AFcWxV21C7fd0v3bYYYRCpSSRl31AnJosL9DcfX40xgafuxK5ReHIdQB</ebl:Signature></ebl:Credentials></ns:RequesterCredentials></soapenv:Header><soapenv:Body><ns:DoReferenceTransactionReq><ns:DoReferenceTransactionRequest><ebl:DoReferenceTransactionRequestDetails><ebl:ReferenceID>B-4KM10611LT757154G</ebl:ReferenceID><ebl:PaymentAction>Sale</ebl:PaymentAction><ebl:PaymentType>Any</ebl:PaymentType><ebl:PaymentDetails><ebl:OrderTotal currencyID="USD">23</ebl:OrderTotal><ebl:ButtonSource>PayPal_SDK</ebl:ButtonSource><ebl:NotifyURL>http://localhost:81/cli/charge/handle_paypal_ipn</ebl:NotifyURL></ebl:PaymentDetails></ebl:DoReferenceTransactionRequestDetails><ebl:Version>106.0</ebl:Version></ns:DoReferenceTransactionRequest></ns:DoReferenceTransactionReq></soapenv:Body></soapenv:Envelope>
PayPal\Core\PPHttpConnection: Adding header X-PAYPAL-REQUEST-DATA-FORMAT: SOAP
PayPal\Core\PPHttpConnection: Adding header X-PAYPAL-RESPONSE-DATA-FORMAT: SOAP
PayPal\Core\PPHttpConnection: Adding header X-PAYPAL-DEVICE-IPADDRESS: ::1
PayPal\Core\PPHttpConnection: Adding header X-PAYPAL-REQUEST-SOURCE: merchant-php-sdk-3.6.106
PayPal\Core\PPHttpConnection: Invalid or no certificate authority found - Retrying using bundled CA certs file
PayPal\Core\PPAPIService: Response: <?xml version="1.0" encoding="UTF-8"?><SOAP-ENV:Envelope xmlns:SOAP-ENV="http://schemas.xmlsoap.org/soap/envelope/" xmlns:SOAP-ENC="http://schemas.xmlsoap.org/soap/encoding/" xmlns:xsi="http://www.w3.org/2001/XMLSchema-instance" xmlns:xsd="http://www.w3.org/2001/XMLSchema" xmlns:xs="http://www.w3.org/2001/XMLSchema" xmlns:cc="urn:ebay:apis:CoreComponentTypes" xmlns:wsu="http://schemas.xmlsoap.org/ws/2002/07/utility" xmlns:saml="urn:oasis:names:tc:SAML:1.0:assertion" xmlns:ds="http://www.w3.org/2000/09/xmldsig#" xmlns:wsse="http://schemas.xmlsoap.org/ws/2002/12/secext" xmlns:ed="urn:ebay:apis:EnhancedDataTypes" xmlns:ebl="urn:ebay:apis:eBLBaseComponents" xmlns:ns="urn:ebay:api:PayPalAPI"><SOAP-ENV:Header><Security xmlns="http://schemas.xmlsoap.org/ws/2002/12/secext" xsi:type="wsse:SecurityType"></Security><RequesterCredentials xmlns="urn:ebay:api:PayPalAPI" xsi:type="ebl:CustomSecurityHeaderType"><Credentials xmlns="urn:ebay:apis:eBLBaseComponents" xsi:type="ebl:UserIdPasswordType"><Username xsi:type="xs:string"></Username><Password xsi:type="xs:string"></Password><Signature xsi:type="xs:string"></Signature><Subject xsi:type="xs:string"></Subject></Credentials></RequesterCredentials></SOAP-ENV:Header><SOAP-ENV:Body id="_0"><DoReferenceTransactionResponse xmlns="urn:ebay:api:PayPalAPI"><Timestamp xmlns="urn:ebay:apis:eBLBaseComponents">2017-06-30T06:13:42Z</Timestamp><Ack xmlns="urn:ebay:apis:eBLBaseComponents">Success</Ack><CorrelationID xmlns="urn:ebay:apis:eBLBaseComponents">3c1f18ebc93a0</CorrelationID><Version xmlns="urn:ebay:apis:eBLBaseComponents">106.0</Version><Build xmlns="urn:ebay:apis:eBLBaseComponents">29297572</Build><DoReferenceTransactionResponseDetails xmlns="urn:ebay:apis:eBLBaseComponents" xsi:type="ebl:DoReferenceTransactionResponseDetailsType"><BillingAgreementID xsi:type="xs:string">B-4KM10611LT757154G</BillingAgreementID><PaymentInfo xsi:type="ebl:PaymentInfoType"><TransactionID>9VA108114J8427833</TransactionID><ParentTransactionID xsi:type="ebl:TransactionId"></ParentTransactionID><ReceiptID></ReceiptID><TransactionType xsi:type="ebl:PaymentTransactionCodeType">mercht-pmt</TransactionType><PaymentType xsi:type="ebl:PaymentCodeType">instant</PaymentType><PaymentDate xsi:type="xs:dateTime">2017-06-30T06:13:41Z</PaymentDate><GrossAmount xsi:type="cc:BasicAmountType" currencyID="USD">23.00</GrossAmount><FeeAmount xsi:type="cc:BasicAmountType" currencyID="USD">0.97</FeeAmount><TaxAmount xsi:type="cc:BasicAmountType" currencyID="USD">0.00</TaxAmount><ExchangeRate xsi:type="xs:string"></ExchangeRate><PaymentStatus xsi:type="ebl:PaymentStatusCodeType">Completed</PaymentStatus><PendingReason xsi:type="ebl:PendingStatusCodeType">none</PendingReason><ReasonCode xsi:type="ebl:ReversalReasonCodeType">none</ReasonCode><ProtectionEligibility xsi:type="xs:string">Eligible</ProtectionEligibility><ProtectionEligibilityType xsi:type="xs:string">ItemNotReceivedEligible,UnauthorizedPaymentEligible</ProtectionEligibilityType></PaymentInfo></DoReferenceTransactionResponseDetails></DoReferenceTransactionResponse></SOAP-ENV:Body></SOAP-ENV:Envelope>
PayPal\Core\PPAPIService: Request: <soapenv:Envelope  xmlns:soapenv="http://schemas.xmlsoap.org/soap/envelope/"  xmlns:ns="urn:ebay:api:PayPalAPI" xmlns:ebl="urn:ebay:apis:eBLBaseComponents" xmlns:cc="urn:ebay:apis:CoreComponentTypes" xmlns:ed="urn:ebay:apis:EnhancedDataTypes" ><soapenv:Header><ns:RequesterCredentials><ebl:Credentials><ebl:Username>seller.test_api1.haseeburrehman.com</ebl:Username><ebl:Password>HY6ENM7SA5SNFQNA</ebl:Password><ebl:Signature>AFcWxV21C7fd0v3bYYYRCpSSRl31AnJosL9DcfX40xgafuxK5ReHIdQB</ebl:Signature></ebl:Credentials></ns:RequesterCredentials></soapenv:Header><soapenv:Body><ns:RefundTransactionReq><ns:RefundTransactionRequest><ns:TransactionID>9VA108114J8427833</ns:TransactionID><ns:RefundType>FULL</ns:RefundType><ebl:Version>106.0</ebl:Version></ns:RefundTransactionRequest></ns:RefundTransactionReq></soapenv:Body></soapenv:Envelope>
PayPal\Core\PPHttpConnection: Adding header X-PAYPAL-REQUEST-DATA-FORMAT: SOAP
PayPal\Core\PPHttpConnection: Adding header X-PAYPAL-RESPONSE-DATA-FORMAT: SOAP
PayPal\Core\PPHttpConnection: Adding header X-PAYPAL-DEVICE-IPADDRESS: ::1
PayPal\Core\PPHttpConnection: Adding header X-PAYPAL-REQUEST-SOURCE: merchant-php-sdk-3.6.106
PayPal\Core\PPHttpConnection: Invalid or no certificate authority found - Retrying using bundled CA certs file
PayPal\Core\PPAPIService: Request: <soapenv:Envelope  xmlns:soapenv="http://schemas.xmlsoap.org/soap/envelope/"  xmlns:ns="urn:ebay:api:PayPalAPI" xmlns:ebl="urn:ebay:apis:eBLBaseComponents" xmlns:cc="urn:ebay:apis:CoreComponentTypes" xmlns:ed="urn:ebay:apis:EnhancedDataTypes" ><soapenv:Header><ns:RequesterCredentials><ebl:Credentials><ebl:Username>seller.test_api1.haseeburrehman.com</ebl:Username><ebl:Password>HY6ENM7SA5SNFQNA</ebl:Password><ebl:Signature>AFcWxV21C7fd0v3bYYYRCpSSRl31AnJosL9DcfX40xgafuxK5ReHIdQB</ebl:Signature></ebl:Credentials></ns:RequesterCredentials></soapenv:Header><soapenv:Body><ns:RefundTransactionReq><ns:RefundTransactionRequest><ns:TransactionID>9VA108114J8427833</ns:TransactionID><ns:RefundType>FULL</ns:RefundType><ebl:Version>106.0</ebl:Version></ns:RefundTransactionRequest></ns:RefundTransactionReq></soapenv:Body></soapenv:Envelope>
PayPal\Core\PPHttpConnection: Adding header X-PAYPAL-REQUEST-DATA-FORMAT: SOAP
PayPal\Core\PPHttpConnection: Adding header X-PAYPAL-RESPONSE-DATA-FORMAT: SOAP
PayPal\Core\PPHttpConnection: Adding header X-PAYPAL-DEVICE-IPADDRESS: ::1
PayPal\Core\PPHttpConnection: Adding header X-PAYPAL-REQUEST-SOURCE: merchant-php-sdk-3.6.106
PayPal\Core\PPHttpConnection: Invalid or no certificate authority found - Retrying using bundled CA certs file
PayPal\Core\PPAPIService: Request: <soapenv:Envelope  xmlns:soapenv="http://schemas.xmlsoap.org/soap/envelope/"  xmlns:ns="urn:ebay:api:PayPalAPI" xmlns:ebl="urn:ebay:apis:eBLBaseComponents" xmlns:cc="urn:ebay:apis:CoreComponentTypes" xmlns:ed="urn:ebay:apis:EnhancedDataTypes" ><soapenv:Header><ns:RequesterCredentials><ebl:Credentials><ebl:Username>seller.test_api1.haseeburrehman.com</ebl:Username><ebl:Password>HY6ENM7SA5SNFQNA</ebl:Password><ebl:Signature>AFcWxV21C7fd0v3bYYYRCpSSRl31AnJosL9DcfX40xgafuxK5ReHIdQB</ebl:Signature></ebl:Credentials></ns:RequesterCredentials></soapenv:Header><soapenv:Body><ns:RefundTransactionReq><ns:RefundTransactionRequest><ns:TransactionID>9VA108114J8427833</ns:TransactionID><ns:RefundType>FULL</ns:RefundType><ebl:Version>106.0</ebl:Version></ns:RefundTransactionRequest></ns:RefundTransactionReq></soapenv:Body></soapenv:Envelope>
PayPal\Core\PPHttpConnection: Adding header X-PAYPAL-REQUEST-DATA-FORMAT: SOAP
PayPal\Core\PPHttpConnection: Adding header X-PAYPAL-RESPONSE-DATA-FORMAT: SOAP
PayPal\Core\PPHttpConnection: Adding header X-PAYPAL-DEVICE-IPADDRESS: ::1
PayPal\Core\PPHttpConnection: Adding header X-PAYPAL-REQUEST-SOURCE: merchant-php-sdk-3.6.106
PayPal\Core\PPHttpConnection: Invalid or no certificate authority found - Retrying using bundled CA certs file
PayPal\Core\PPAPIService: Request: <soapenv:Envelope  xmlns:soapenv="http://schemas.xmlsoap.org/soap/envelope/"  xmlns:ns="urn:ebay:api:PayPalAPI" xmlns:ebl="urn:ebay:apis:eBLBaseComponents" xmlns:cc="urn:ebay:apis:CoreComponentTypes" xmlns:ed="urn:ebay:apis:EnhancedDataTypes" ><soapenv:Header><ns:RequesterCredentials><ebl:Credentials><ebl:Username>seller.test_api1.haseeburrehman.com</ebl:Username><ebl:Password>HY6ENM7SA5SNFQNA</ebl:Password><ebl:Signature>AFcWxV21C7fd0v3bYYYRCpSSRl31AnJosL9DcfX40xgafuxK5ReHIdQB</ebl:Signature></ebl:Credentials></ns:RequesterCredentials></soapenv:Header><soapenv:Body><ns:RefundTransactionReq><ns:RefundTransactionRequest><ns:TransactionID>9VA108114J8427833</ns:TransactionID><ns:RefundType>FULL</ns:RefundType><ebl:Version>106.0</ebl:Version></ns:RefundTransactionRequest></ns:RefundTransactionReq></soapenv:Body></soapenv:Envelope>
PayPal\Core\PPHttpConnection: Adding header X-PAYPAL-REQUEST-DATA-FORMAT: SOAP
PayPal\Core\PPHttpConnection: Adding header X-PAYPAL-RESPONSE-DATA-FORMAT: SOAP
PayPal\Core\PPHttpConnection: Adding header X-PAYPAL-DEVICE-IPADDRESS: ::1
PayPal\Core\PPHttpConnection: Adding header X-PAYPAL-REQUEST-SOURCE: merchant-php-sdk-3.6.106
PayPal\Core\PPHttpConnection: Invalid or no certificate authority found - Retrying using bundled CA certs file
PayPal\Core\PPAPIService: Request: <soapenv:Envelope  xmlns:soapenv="http://schemas.xmlsoap.org/soap/envelope/"  xmlns:ns="urn:ebay:api:PayPalAPI" xmlns:ebl="urn:ebay:apis:eBLBaseComponents" xmlns:cc="urn:ebay:apis:CoreComponentTypes" xmlns:ed="urn:ebay:apis:EnhancedDataTypes" ><soapenv:Header><ns:RequesterCredentials><ebl:Credentials><ebl:Username>seller.test_api1.haseeburrehman.com</ebl:Username><ebl:Password>HY6ENM7SA5SNFQNA</ebl:Password><ebl:Signature>AFcWxV21C7fd0v3bYYYRCpSSRl31AnJosL9DcfX40xgafuxK5ReHIdQB</ebl:Signature></ebl:Credentials></ns:RequesterCredentials></soapenv:Header><soapenv:Body><ns:RefundTransactionReq><ns:RefundTransactionRequest><ns:TransactionID>9VA108114J8427833</ns:TransactionID><ns:RefundType>FULL</ns:RefundType><ebl:Version>106.0</ebl:Version></ns:RefundTransactionRequest></ns:RefundTransactionReq></soapenv:Body></soapenv:Envelope>
PayPal\Core\PPHttpConnection: Adding header X-PAYPAL-REQUEST-DATA-FORMAT: SOAP
PayPal\Core\PPHttpConnection: Adding header X-PAYPAL-RESPONSE-DATA-FORMAT: SOAP
PayPal\Core\PPHttpConnection: Adding header X-PAYPAL-DEVICE-IPADDRESS: ::1
PayPal\Core\PPHttpConnection: Adding header X-PAYPAL-REQUEST-SOURCE: merchant-php-sdk-3.6.106
PayPal\Core\PPHttpConnection: Invalid or no certificate authority found - Retrying using bundled CA certs file
PayPal\Core\PPAPIService: Request: <soapenv:Envelope  xmlns:soapenv="http://schemas.xmlsoap.org/soap/envelope/"  xmlns:ns="urn:ebay:api:PayPalAPI" xmlns:ebl="urn:ebay:apis:eBLBaseComponents" xmlns:cc="urn:ebay:apis:CoreComponentTypes" xmlns:ed="urn:ebay:apis:EnhancedDataTypes" ><soapenv:Header><ns:RequesterCredentials><ebl:Credentials><ebl:Username>seller.test_api1.haseeburrehman.com</ebl:Username><ebl:Password>HY6ENM7SA5SNFQNA</ebl:Password><ebl:Signature>AFcWxV21C7fd0v3bYYYRCpSSRl31AnJosL9DcfX40xgafuxK5ReHIdQB</ebl:Signature></ebl:Credentials></ns:RequesterCredentials></soapenv:Header><soapenv:Body><ns:RefundTransactionReq><ns:RefundTransactionRequest><ns:TransactionID>9VA108114J8427833</ns:TransactionID><ns:RefundType>FULL</ns:RefundType><ebl:Version>106.0</ebl:Version></ns:RefundTransactionRequest></ns:RefundTransactionReq></soapenv:Body></soapenv:Envelope>
PayPal\Core\PPHttpConnection: Adding header X-PAYPAL-REQUEST-DATA-FORMAT: SOAP
PayPal\Core\PPHttpConnection: Adding header X-PAYPAL-RESPONSE-DATA-FORMAT: SOAP
PayPal\Core\PPHttpConnection: Adding header X-PAYPAL-DEVICE-IPADDRESS: ::1
PayPal\Core\PPHttpConnection: Adding header X-PAYPAL-REQUEST-SOURCE: merchant-php-sdk-3.6.106
PayPal\Core\PPHttpConnection: Invalid or no certificate authority found - Retrying using bundled CA certs file
PayPal\Core\PPAPIService: Request: <soapenv:Envelope  xmlns:soapenv="http://schemas.xmlsoap.org/soap/envelope/"  xmlns:ns="urn:ebay:api:PayPalAPI" xmlns:ebl="urn:ebay:apis:eBLBaseComponents" xmlns:cc="urn:ebay:apis:CoreComponentTypes" xmlns:ed="urn:ebay:apis:EnhancedDataTypes" ><soapenv:Header><ns:RequesterCredentials><ebl:Credentials><ebl:Username>seller.test_api1.haseeburrehman.com</ebl:Username><ebl:Password>HY6ENM7SA5SNFQNA</ebl:Password><ebl:Signature>AFcWxV21C7fd0v3bYYYRCpSSRl31AnJosL9DcfX40xgafuxK5ReHIdQB</ebl:Signature></ebl:Credentials></ns:RequesterCredentials></soapenv:Header><soapenv:Body><ns:RefundTransactionReq><ns:RefundTransactionRequest><ns:TransactionID>9VA108114J8427833</ns:TransactionID><ns:RefundType>FULL</ns:RefundType><ebl:Version>106.0</ebl:Version></ns:RefundTransactionRequest></ns:RefundTransactionReq></soapenv:Body></soapenv:Envelope>
PayPal\Core\PPHttpConnection: Adding header X-PAYPAL-REQUEST-DATA-FORMAT: SOAP
PayPal\Core\PPHttpConnection: Adding header X-PAYPAL-RESPONSE-DATA-FORMAT: SOAP
PayPal\Core\PPHttpConnection: Adding header X-PAYPAL-DEVICE-IPADDRESS: ::1
PayPal\Core\PPHttpConnection: Adding header X-PAYPAL-REQUEST-SOURCE: merchant-php-sdk-3.6.106
PayPal\Core\PPHttpConnection: Invalid or no certificate authority found - Retrying using bundled CA certs file
PayPal\Core\PPAPIService: Request: <soapenv:Envelope  xmlns:soapenv="http://schemas.xmlsoap.org/soap/envelope/"  xmlns:ns="urn:ebay:api:PayPalAPI" xmlns:ebl="urn:ebay:apis:eBLBaseComponents" xmlns:cc="urn:ebay:apis:CoreComponentTypes" xmlns:ed="urn:ebay:apis:EnhancedDataTypes" ><soapenv:Header><ns:RequesterCredentials><ebl:Credentials><ebl:Username>seller.test_api1.haseeburrehman.com</ebl:Username><ebl:Password>HY6ENM7SA5SNFQNA</ebl:Password><ebl:Signature>AFcWxV21C7fd0v3bYYYRCpSSRl31AnJosL9DcfX40xgafuxK5ReHIdQB</ebl:Signature></ebl:Credentials></ns:RequesterCredentials></soapenv:Header><soapenv:Body><ns:RefundTransactionReq><ns:RefundTransactionRequest><ns:TransactionID>9VA108114J8427833</ns:TransactionID><ns:RefundType>FULL</ns:RefundType><ebl:Version>106.0</ebl:Version></ns:RefundTransactionRequest></ns:RefundTransactionReq></soapenv:Body></soapenv:Envelope>
PayPal\Core\PPHttpConnection: Adding header X-PAYPAL-REQUEST-DATA-FORMAT: SOAP
PayPal\Core\PPHttpConnection: Adding header X-PAYPAL-RESPONSE-DATA-FORMAT: SOAP
PayPal\Core\PPHttpConnection: Adding header X-PAYPAL-DEVICE-IPADDRESS: ::1
PayPal\Core\PPHttpConnection: Adding header X-PAYPAL-REQUEST-SOURCE: merchant-php-sdk-3.6.106
PayPal\Core\PPHttpConnection: Invalid or no certificate authority found - Retrying using bundled CA certs file
PayPal\Core\PPAPIService: Request: <soapenv:Envelope xmlns:soapenv="http://schemas.xmlsoap.org/soap/envelope/" xmlns:ns="urn:ebay:api:PayPalAPI" xmlns:ebl="urn:ebay:apis:eBLBaseComponents" xmlns:cc="urn:ebay:apis:CoreComponentTypes" xmlns:ed="urn:ebay:apis:EnhancedDataTypes" ><soapenv:Header><ns:RequesterCredentials><ebl:Credentials><ebl:Username>seller.test_api1.haseeburrehman.com</ebl:Username><ebl:Password>HY6ENM7SA5SNFQNA</ebl:Password><ebl:Signature>AFcWxV21C7fd0v3bYYYRCpSSRl31AnJosL9DcfX40xgafuxK5ReHIdQB</ebl:Signature></ebl:Credentials></ns:RequesterCredentials></soapenv:Header><soapenv:Body><ns:RefundTransactionReq><ns:RefundTransactionRequest><ns:TransactionID>9VA108114J8427833</ns:TransactionID><ns:RefundType>Full</ns:RefundType><ebl:Version>106.0</ebl:Version></ns:RefundTransactionRequest></ns:RefundTransactionReq></soapenv:Body></soapenv:Envelope>
PayPal\Core\PPHttpConnection: Adding header X-PAYPAL-REQUEST-DATA-FORMAT: SOAP
PayPal\Core\PPHttpConnection: Adding header X-PAYPAL-RESPONSE-DATA-FORMAT: SOAP
PayPal\Core\PPHttpConnection: Adding header X-PAYPAL-DEVICE-IPADDRESS: ::1
PayPal\Core\PPHttpConnection: Adding header X-PAYPAL-REQUEST-SOURCE: merchant-php-sdk-3.8.107
PayPal\Core\PPHttpConnection: Adding header User-Agent: PayPalSDK/merchant-php-sdk 3.8.107 (lang=PHP;v=5.6.19;bit=32;os=Windows_NT_6.1;machine=i586;openssl=1.0.1s;curl=7.47.1)
PayPal\Core\PPHttpConnection: Invalid or no certificate authority found - Retrying using bundled CA certs file
PayPal\Core\PPAPIService: Response: <?xml version="1.0" encoding="UTF-8"?><SOAP-ENV:Envelope xmlns:SOAP-ENV="http://schemas.xmlsoap.org/soap/envelope/" xmlns:SOAP-ENC="http://schemas.xmlsoap.org/soap/encoding/" xmlns:xsi="http://www.w3.org/2001/XMLSchema-instance" xmlns:xsd="http://www.w3.org/2001/XMLSchema" xmlns:xs="http://www.w3.org/2001/XMLSchema" xmlns:cc="urn:ebay:apis:CoreComponentTypes" xmlns:wsu="http://schemas.xmlsoap.org/ws/2002/07/utility" xmlns:saml="urn:oasis:names:tc:SAML:1.0:assertion" xmlns:ds="http://www.w3.org/2000/09/xmldsig#" xmlns:wsse="http://schemas.xmlsoap.org/ws/2002/12/secext" xmlns:ed="urn:ebay:apis:EnhancedDataTypes" xmlns:ebl="urn:ebay:apis:eBLBaseComponents" xmlns:ns="urn:ebay:api:PayPalAPI"><SOAP-ENV:Header><Security xmlns="http://schemas.xmlsoap.org/ws/2002/12/secext" xsi:type="wsse:SecurityType"></Security><RequesterCredentials xmlns="urn:ebay:api:PayPalAPI" xsi:type="ebl:CustomSecurityHeaderType"><Credentials xmlns="urn:ebay:apis:eBLBaseComponents" xsi:type="ebl:UserIdPasswordType"><Username xsi:type="xs:string"></Username><Password xsi:type="xs:string"></Password><Signature xsi:type="xs:string"></Signature><Subject xsi:type="xs:string"></Subject></Credentials></RequesterCredentials></SOAP-ENV:Header><SOAP-ENV:Body id="_0"><RefundTransactionResponse xmlns="urn:ebay:api:PayPalAPI"><Timestamp xmlns="urn:ebay:apis:eBLBaseComponents">2017-06-30T09:26:36Z</Timestamp><Ack xmlns="urn:ebay:apis:eBLBaseComponents">Failure</Ack><CorrelationID xmlns="urn:ebay:apis:eBLBaseComponents">fcf4adc567091</CorrelationID><Errors xmlns="urn:ebay:apis:eBLBaseComponents" xsi:type="ebl:ErrorType"><ShortMessage xsi:type="xs:string">Transaction refused</ShortMessage><LongMessage xsi:type="xs:string">This transaction has already been fully refunded</LongMessage><ErrorCode xsi:type="xs:token">10009</ErrorCode><SeverityCode xmlns="urn:ebay:apis:eBLBaseComponents">Error</SeverityCode></Errors><Version xmlns="urn:ebay:apis:eBLBaseComponents">106.0</Version><Build xmlns="urn:ebay:apis:eBLBaseComponents">35789819</Build><RefundTransactionID></RefundTransactionID></RefundTransactionResponse></SOAP-ENV:Body></SOAP-ENV:Envelope>
PayPal\Core\PPAPIService: Request: <soapenv:Envelope xmlns:soapenv="http://schemas.xmlsoap.org/soap/envelope/" xmlns:ns="urn:ebay:api:PayPalAPI" xmlns:ebl="urn:ebay:apis:eBLBaseComponents" xmlns:cc="urn:ebay:apis:CoreComponentTypes" xmlns:ed="urn:ebay:apis:EnhancedDataTypes" ><soapenv:Header><ns:RequesterCredentials><ebl:Credentials><ebl:Username>seller.test_api1.haseeburrehman.com</ebl:Username><ebl:Password>HY6ENM7SA5SNFQNA</ebl:Password><ebl:Signature>AFcWxV21C7fd0v3bYYYRCpSSRl31AnJosL9DcfX40xgafuxK5ReHIdQB</ebl:Signature></ebl:Credentials></ns:RequesterCredentials></soapenv:Header><soapenv:Body><ns:RefundTransactionReq><ns:RefundTransactionRequest><ns:TransactionID>9VA108114J8427833</ns:TransactionID><ns:RefundType>Full</ns:RefundType><ebl:Version>106.0</ebl:Version></ns:RefundTransactionRequest></ns:RefundTransactionReq></soapenv:Body></soapenv:Envelope>
PayPal\Core\PPHttpConnection: Adding header X-PAYPAL-REQUEST-DATA-FORMAT: SOAP
PayPal\Core\PPHttpConnection: Adding header X-PAYPAL-RESPONSE-DATA-FORMAT: SOAP
PayPal\Core\PPHttpConnection: Adding header X-PAYPAL-DEVICE-IPADDRESS: ::1
PayPal\Core\PPHttpConnection: Adding header X-PAYPAL-REQUEST-SOURCE: merchant-php-sdk-3.8.107
PayPal\Core\PPHttpConnection: Adding header User-Agent: PayPalSDK/merchant-php-sdk 3.8.107 (lang=PHP;v=5.6.19;bit=32;os=Windows_NT_6.1;machine=i586;openssl=1.0.1s;curl=7.47.1)
PayPal\Core\PPHttpConnection: Invalid or no certificate authority found - Retrying using bundled CA certs file
PayPal\Core\PPAPIService: Response: <?xml version="1.0" encoding="UTF-8"?><SOAP-ENV:Envelope xmlns:SOAP-ENV="http://schemas.xmlsoap.org/soap/envelope/" xmlns:SOAP-ENC="http://schemas.xmlsoap.org/soap/encoding/" xmlns:xsi="http://www.w3.org/2001/XMLSchema-instance" xmlns:xsd="http://www.w3.org/2001/XMLSchema" xmlns:xs="http://www.w3.org/2001/XMLSchema" xmlns:cc="urn:ebay:apis:CoreComponentTypes" xmlns:wsu="http://schemas.xmlsoap.org/ws/2002/07/utility" xmlns:saml="urn:oasis:names:tc:SAML:1.0:assertion" xmlns:ds="http://www.w3.org/2000/09/xmldsig#" xmlns:wsse="http://schemas.xmlsoap.org/ws/2002/12/secext" xmlns:ed="urn:ebay:apis:EnhancedDataTypes" xmlns:ebl="urn:ebay:apis:eBLBaseComponents" xmlns:ns="urn:ebay:api:PayPalAPI"><SOAP-ENV:Header><Security xmlns="http://schemas.xmlsoap.org/ws/2002/12/secext" xsi:type="wsse:SecurityType"></Security><RequesterCredentials xmlns="urn:ebay:api:PayPalAPI" xsi:type="ebl:CustomSecurityHeaderType"><Credentials xmlns="urn:ebay:apis:eBLBaseComponents" xsi:type="ebl:UserIdPasswordType"><Username xsi:type="xs:string"></Username><Password xsi:type="xs:string"></Password><Signature xsi:type="xs:string"></Signature><Subject xsi:type="xs:string"></Subject></Credentials></RequesterCredentials></SOAP-ENV:Header><SOAP-ENV:Body id="_0"><RefundTransactionResponse xmlns="urn:ebay:api:PayPalAPI"><Timestamp xmlns="urn:ebay:apis:eBLBaseComponents">2017-06-30T09:26:39Z</Timestamp><Ack xmlns="urn:ebay:apis:eBLBaseComponents">Failure</Ack><CorrelationID xmlns="urn:ebay:apis:eBLBaseComponents">8eafb5129145f</CorrelationID><Errors xmlns="urn:ebay:apis:eBLBaseComponents" xsi:type="ebl:ErrorType"><ShortMessage xsi:type="xs:string">Transaction refused</ShortMessage><LongMessage xsi:type="xs:string">This transaction has already been fully refunded</LongMessage><ErrorCode xsi:type="xs:token">10009</ErrorCode><SeverityCode xmlns="urn:ebay:apis:eBLBaseComponents">Error</SeverityCode></Errors><Version xmlns="urn:ebay:apis:eBLBaseComponents">106.0</Version><Build xmlns="urn:ebay:apis:eBLBaseComponents">35789819</Build><RefundTransactionID></RefundTransactionID></RefundTransactionResponse></SOAP-ENV:Body></SOAP-ENV:Envelope>
PayPal\Core\PPAPIService: Request: <soapenv:Envelope xmlns:soapenv="http://schemas.xmlsoap.org/soap/envelope/" xmlns:ns="urn:ebay:api:PayPalAPI" xmlns:ebl="urn:ebay:apis:eBLBaseComponents" xmlns:cc="urn:ebay:apis:CoreComponentTypes" xmlns:ed="urn:ebay:apis:EnhancedDataTypes" ><soapenv:Header><ns:RequesterCredentials><ebl:Credentials><ebl:Username>seller.test_api1.haseeburrehman.com</ebl:Username><ebl:Password>HY6ENM7SA5SNFQNA</ebl:Password><ebl:Signature>AFcWxV21C7fd0v3bYYYRCpSSRl31AnJosL9DcfX40xgafuxK5ReHIdQB</ebl:Signature></ebl:Credentials></ns:RequesterCredentials></soapenv:Header><soapenv:Body><ns:DoReferenceTransactionReq><ns:DoReferenceTransactionRequest><ebl:DoReferenceTransactionRequestDetails><ebl:ReferenceID>B-4KM10611LT757154G</ebl:ReferenceID><ebl:PaymentAction>Sale</ebl:PaymentAction><ebl:PaymentType>Any</ebl:PaymentType><ebl:PaymentDetails><ebl:OrderTotal currencyID="USD">150</ebl:OrderTotal><ebl:ButtonSource>PayPal_SDK</ebl:ButtonSource><ebl:NotifyURL>http://localhost:81/cli/charge/handle_paypal_ipn</ebl:NotifyURL></ebl:PaymentDetails></ebl:DoReferenceTransactionRequestDetails><ebl:Version>106.0</ebl:Version></ns:DoReferenceTransactionRequest></ns:DoReferenceTransactionReq></soapenv:Body></soapenv:Envelope>
PayPal\Core\PPHttpConnection: Adding header X-PAYPAL-REQUEST-DATA-FORMAT: SOAP
PayPal\Core\PPHttpConnection: Adding header X-PAYPAL-RESPONSE-DATA-FORMAT: SOAP
PayPal\Core\PPHttpConnection: Adding header X-PAYPAL-DEVICE-IPADDRESS: ::1
PayPal\Core\PPHttpConnection: Adding header X-PAYPAL-REQUEST-SOURCE: merchant-php-sdk-3.8.107
PayPal\Core\PPHttpConnection: Adding header User-Agent: PayPalSDK/merchant-php-sdk 3.8.107 (lang=PHP;v=5.6.19;bit=32;os=Windows_NT_6.1;machine=i586;openssl=1.0.1s;curl=7.47.1)
PayPal\Core\PPHttpConnection: Invalid or no certificate authority found - Retrying using bundled CA certs file
PayPal\Core\PPAPIService: Response: <?xml version="1.0" encoding="UTF-8"?><SOAP-ENV:Envelope xmlns:SOAP-ENV="http://schemas.xmlsoap.org/soap/envelope/" xmlns:SOAP-ENC="http://schemas.xmlsoap.org/soap/encoding/" xmlns:xsi="http://www.w3.org/2001/XMLSchema-instance" xmlns:xsd="http://www.w3.org/2001/XMLSchema" xmlns:xs="http://www.w3.org/2001/XMLSchema" xmlns:cc="urn:ebay:apis:CoreComponentTypes" xmlns:wsu="http://schemas.xmlsoap.org/ws/2002/07/utility" xmlns:saml="urn:oasis:names:tc:SAML:1.0:assertion" xmlns:ds="http://www.w3.org/2000/09/xmldsig#" xmlns:wsse="http://schemas.xmlsoap.org/ws/2002/12/secext" xmlns:ed="urn:ebay:apis:EnhancedDataTypes" xmlns:ebl="urn:ebay:apis:eBLBaseComponents" xmlns:ns="urn:ebay:api:PayPalAPI"><SOAP-ENV:Header><Security xmlns="http://schemas.xmlsoap.org/ws/2002/12/secext" xsi:type="wsse:SecurityType"></Security><RequesterCredentials xmlns="urn:ebay:api:PayPalAPI" xsi:type="ebl:CustomSecurityHeaderType"><Credentials xmlns="urn:ebay:apis:eBLBaseComponents" xsi:type="ebl:UserIdPasswordType"><Username xsi:type="xs:string"></Username><Password xsi:type="xs:string"></Password><Signature xsi:type="xs:string"></Signature><Subject xsi:type="xs:string"></Subject></Credentials></RequesterCredentials></SOAP-ENV:Header><SOAP-ENV:Body id="_0"><DoReferenceTransactionResponse xmlns="urn:ebay:api:PayPalAPI"><Timestamp xmlns="urn:ebay:apis:eBLBaseComponents">2017-06-30T09:32:22Z</Timestamp><Ack xmlns="urn:ebay:apis:eBLBaseComponents">Success</Ack><CorrelationID xmlns="urn:ebay:apis:eBLBaseComponents">709573ab36943</CorrelationID><Version xmlns="urn:ebay:apis:eBLBaseComponents">106.0</Version><Build xmlns="urn:ebay:apis:eBLBaseComponents">29297572</Build><DoReferenceTransactionResponseDetails xmlns="urn:ebay:apis:eBLBaseComponents" xsi:type="ebl:DoReferenceTransactionResponseDetailsType"><BillingAgreementID xsi:type="xs:string">B-4KM10611LT757154G</BillingAgreementID><PaymentInfo xsi:type="ebl:PaymentInfoType"><TransactionID>23150206EB128622K</TransactionID><ParentTransactionID xsi:type="ebl:TransactionId"></ParentTransactionID><ReceiptID></ReceiptID><TransactionType xsi:type="ebl:PaymentTransactionCodeType">mercht-pmt</TransactionType><PaymentType xsi:type="ebl:PaymentCodeType">instant</PaymentType><PaymentDate xsi:type="xs:dateTime">2017-06-30T09:32:21Z</PaymentDate><GrossAmount xsi:type="cc:BasicAmountType" currencyID="USD">150.00</GrossAmount><FeeAmount xsi:type="cc:BasicAmountType" currencyID="USD">4.65</FeeAmount><TaxAmount xsi:type="cc:BasicAmountType" currencyID="USD">0.00</TaxAmount><ExchangeRate xsi:type="xs:string"></ExchangeRate><PaymentStatus xsi:type="ebl:PaymentStatusCodeType">Completed</PaymentStatus><PendingReason xsi:type="ebl:PendingStatusCodeType">none</PendingReason><ReasonCode xsi:type="ebl:ReversalReasonCodeType">none</ReasonCode><ProtectionEligibility xsi:type="xs:string">Eligible</ProtectionEligibility><ProtectionEligibilityType xsi:type="xs:string">ItemNotReceivedEligible,UnauthorizedPaymentEligible</ProtectionEligibilityType></PaymentInfo></DoReferenceTransactionResponseDetails></DoReferenceTransactionResponse></SOAP-ENV:Body></SOAP-ENV:Envelope>
PayPal\Core\PPAPIService: Request: <soapenv:Envelope xmlns:soapenv="http://schemas.xmlsoap.org/soap/envelope/" xmlns:ns="urn:ebay:api:PayPalAPI" xmlns:ebl="urn:ebay:apis:eBLBaseComponents" xmlns:cc="urn:ebay:apis:CoreComponentTypes" xmlns:ed="urn:ebay:apis:EnhancedDataTypes" ><soapenv:Header><ns:RequesterCredentials><ebl:Credentials><ebl:Username>seller.test_api1.haseeburrehman.com</ebl:Username><ebl:Password>HY6ENM7SA5SNFQNA</ebl:Password><ebl:Signature>AFcWxV21C7fd0v3bYYYRCpSSRl31AnJosL9DcfX40xgafuxK5ReHIdQB</ebl:Signature></ebl:Credentials></ns:RequesterCredentials></soapenv:Header><soapenv:Body><ns:RefundTransactionReq><ns:RefundTransactionRequest><ns:TransactionID>23150206EB128622K</ns:TransactionID><ns:RefundType>Full</ns:RefundType><ebl:Version>106.0</ebl:Version></ns:RefundTransactionRequest></ns:RefundTransactionReq></soapenv:Body></soapenv:Envelope>
PayPal\Core\PPHttpConnection: Adding header X-PAYPAL-REQUEST-DATA-FORMAT: SOAP
PayPal\Core\PPHttpConnection: Adding header X-PAYPAL-RESPONSE-DATA-FORMAT: SOAP
PayPal\Core\PPHttpConnection: Adding header X-PAYPAL-DEVICE-IPADDRESS: ::1
PayPal\Core\PPHttpConnection: Adding header X-PAYPAL-REQUEST-SOURCE: merchant-php-sdk-3.8.107
PayPal\Core\PPHttpConnection: Adding header User-Agent: PayPalSDK/merchant-php-sdk 3.8.107 (lang=PHP;v=5.6.19;bit=32;os=Windows_NT_6.1;machine=i586;openssl=1.0.1s;curl=7.47.1)
PayPal\Core\PPHttpConnection: Invalid or no certificate authority found - Retrying using bundled CA certs file
PayPal\Core\PPAPIService: Response: <?xml version="1.0" encoding="UTF-8"?><SOAP-ENV:Envelope xmlns:SOAP-ENV="http://schemas.xmlsoap.org/soap/envelope/" xmlns:SOAP-ENC="http://schemas.xmlsoap.org/soap/encoding/" xmlns:xsi="http://www.w3.org/2001/XMLSchema-instance" xmlns:xsd="http://www.w3.org/2001/XMLSchema" xmlns:xs="http://www.w3.org/2001/XMLSchema" xmlns:cc="urn:ebay:apis:CoreComponentTypes" xmlns:wsu="http://schemas.xmlsoap.org/ws/2002/07/utility" xmlns:saml="urn:oasis:names:tc:SAML:1.0:assertion" xmlns:ds="http://www.w3.org/2000/09/xmldsig#" xmlns:wsse="http://schemas.xmlsoap.org/ws/2002/12/secext" xmlns:ed="urn:ebay:apis:EnhancedDataTypes" xmlns:ebl="urn:ebay:apis:eBLBaseComponents" xmlns:ns="urn:ebay:api:PayPalAPI"><SOAP-ENV:Header><Security xmlns="http://schemas.xmlsoap.org/ws/2002/12/secext" xsi:type="wsse:SecurityType"></Security><RequesterCredentials xmlns="urn:ebay:api:PayPalAPI" xsi:type="ebl:CustomSecurityHeaderType"><Credentials xmlns="urn:ebay:apis:eBLBaseComponents" xsi:type="ebl:UserIdPasswordType"><Username xsi:type="xs:string"></Username><Password xsi:type="xs:string"></Password><Signature xsi:type="xs:string"></Signature><Subject xsi:type="xs:string"></Subject></Credentials></RequesterCredentials></SOAP-ENV:Header><SOAP-ENV:Body id="_0"><RefundTransactionResponse xmlns="urn:ebay:api:PayPalAPI"><Timestamp xmlns="urn:ebay:apis:eBLBaseComponents">2017-06-30T09:39:01Z</Timestamp><Ack xmlns="urn:ebay:apis:eBLBaseComponents">Success</Ack><CorrelationID xmlns="urn:ebay:apis:eBLBaseComponents">530e97cda0c7</CorrelationID><Version xmlns="urn:ebay:apis:eBLBaseComponents">106.0</Version><Build xmlns="urn:ebay:apis:eBLBaseComponents">35789819</Build><RefundTransactionID>4MU766912S4821030</RefundTransactionID><NetRefundAmount xsi:type="cc:BasicAmountType" currencyID="USD">145.65</NetRefundAmount><FeeRefundAmount xsi:type="cc:BasicAmountType" currencyID="USD">4.35</FeeRefundAmount><GrossRefundAmount xsi:type="cc:BasicAmountType" currencyID="USD">150.00</GrossRefundAmount><TotalRefundedAmount xsi:type="cc:BasicAmountType" currencyID="USD">150.00</TotalRefundedAmount><RefundInfo xmlns="urn:ebay:apis:eBLBaseComponents" xsi:type="ebl:RefundInfoType"><RefundStatus xsi:type="ebl:PaymentStatusCodeType">Instant</RefundStatus><PendingReason xsi:type="ebl:PendingStatusCodeType">none</PendingReason></RefundInfo></RefundTransactionResponse></SOAP-ENV:Body></SOAP-ENV:Envelope>
PayPal\Core\PPAPIService: Request: <soapenv:Envelope xmlns:soapenv="http://schemas.xmlsoap.org/soap/envelope/" xmlns:ns="urn:ebay:api:PayPalAPI" xmlns:ebl="urn:ebay:apis:eBLBaseComponents" xmlns:cc="urn:ebay:apis:CoreComponentTypes" xmlns:ed="urn:ebay:apis:EnhancedDataTypes" ><soapenv:Header><ns:RequesterCredentials><ebl:Credentials><ebl:Username>seller.test_api1.haseeburrehman.com</ebl:Username><ebl:Password>HY6ENM7SA5SNFQNA</ebl:Password><ebl:Signature>AFcWxV21C7fd0v3bYYYRCpSSRl31AnJosL9DcfX40xgafuxK5ReHIdQB</ebl:Signature></ebl:Credentials></ns:RequesterCredentials></soapenv:Header><soapenv:Body><ns:RefundTransactionReq><ns:RefundTransactionRequest><ns:TransactionID>23150206EB128622K</ns:TransactionID><ns:RefundType>Full</ns:RefundType><ebl:Version>106.0</ebl:Version></ns:RefundTransactionRequest></ns:RefundTransactionReq></soapenv:Body></soapenv:Envelope>
PayPal\Core\PPHttpConnection: Adding header X-PAYPAL-REQUEST-DATA-FORMAT: SOAP
PayPal\Core\PPHttpConnection: Adding header X-PAYPAL-RESPONSE-DATA-FORMAT: SOAP
PayPal\Core\PPHttpConnection: Adding header X-PAYPAL-DEVICE-IPADDRESS: ::1
PayPal\Core\PPHttpConnection: Adding header X-PAYPAL-REQUEST-SOURCE: merchant-php-sdk-3.8.107
PayPal\Core\PPHttpConnection: Adding header User-Agent: PayPalSDK/merchant-php-sdk 3.8.107 (lang=PHP;v=5.6.19;bit=32;os=Windows_NT_6.1;machine=i586;openssl=1.0.1s;curl=7.47.1)
PayPal\Core\PPHttpConnection: Invalid or no certificate authority found - Retrying using bundled CA certs file
PayPal\Core\PPAPIService: Response: <?xml version="1.0" encoding="UTF-8"?><SOAP-ENV:Envelope xmlns:SOAP-ENV="http://schemas.xmlsoap.org/soap/envelope/" xmlns:SOAP-ENC="http://schemas.xmlsoap.org/soap/encoding/" xmlns:xsi="http://www.w3.org/2001/XMLSchema-instance" xmlns:xsd="http://www.w3.org/2001/XMLSchema" xmlns:xs="http://www.w3.org/2001/XMLSchema" xmlns:cc="urn:ebay:apis:CoreComponentTypes" xmlns:wsu="http://schemas.xmlsoap.org/ws/2002/07/utility" xmlns:saml="urn:oasis:names:tc:SAML:1.0:assertion" xmlns:ds="http://www.w3.org/2000/09/xmldsig#" xmlns:wsse="http://schemas.xmlsoap.org/ws/2002/12/secext" xmlns:ed="urn:ebay:apis:EnhancedDataTypes" xmlns:ebl="urn:ebay:apis:eBLBaseComponents" xmlns:ns="urn:ebay:api:PayPalAPI"><SOAP-ENV:Header><Security xmlns="http://schemas.xmlsoap.org/ws/2002/12/secext" xsi:type="wsse:SecurityType"></Security><RequesterCredentials xmlns="urn:ebay:api:PayPalAPI" xsi:type="ebl:CustomSecurityHeaderType"><Credentials xmlns="urn:ebay:apis:eBLBaseComponents" xsi:type="ebl:UserIdPasswordType"><Username xsi:type="xs:string"></Username><Password xsi:type="xs:string"></Password><Signature xsi:type="xs:string"></Signature><Subject xsi:type="xs:string"></Subject></Credentials></RequesterCredentials></SOAP-ENV:Header><SOAP-ENV:Body id="_0"><RefundTransactionResponse xmlns="urn:ebay:api:PayPalAPI"><Timestamp xmlns="urn:ebay:apis:eBLBaseComponents">2017-06-30T09:39:04Z</Timestamp><Ack xmlns="urn:ebay:apis:eBLBaseComponents">Failure</Ack><CorrelationID xmlns="urn:ebay:apis:eBLBaseComponents">6509a6ba89018</CorrelationID><Errors xmlns="urn:ebay:apis:eBLBaseComponents" xsi:type="ebl:ErrorType"><ShortMessage xsi:type="xs:string">Transaction refused</ShortMessage><LongMessage xsi:type="xs:string">This transaction has already been fully refunded</LongMessage><ErrorCode xsi:type="xs:token">10009</ErrorCode><SeverityCode xmlns="urn:ebay:apis:eBLBaseComponents">Error</SeverityCode></Errors><Version xmlns="urn:ebay:apis:eBLBaseComponents">106.0</Version><Build xmlns="urn:ebay:apis:eBLBaseComponents">35789819</Build><RefundTransactionID></RefundTransactionID></RefundTransactionResponse></SOAP-ENV:Body></SOAP-ENV:Envelope>
PayPal\Core\PPAPIService: Request: <soapenv:Envelope  xmlns:soapenv="http://schemas.xmlsoap.org/soap/envelope/"  xmlns:ns="urn:ebay:api:PayPalAPI" xmlns:ebl="urn:ebay:apis:eBLBaseComponents" xmlns:cc="urn:ebay:apis:CoreComponentTypes" xmlns:ed="urn:ebay:apis:EnhancedDataTypes" ><soapenv:Header><ns:RequesterCredentials><ebl:Credentials><ebl:Username>seller.test_api1.haseeburrehman.com</ebl:Username><ebl:Password>HY6ENM7SA5SNFQNA</ebl:Password><ebl:Signature>AFcWxV21C7fd0v3bYYYRCpSSRl31AnJosL9DcfX40xgafuxK5ReHIdQB</ebl:Signature></ebl:Credentials></ns:RequesterCredentials></soapenv:Header><soapenv:Body><ns:DoReferenceTransactionReq><ns:DoReferenceTransactionRequest><ebl:DoReferenceTransactionRequestDetails><ebl:ReferenceID>B-4KM10611LT757154G</ebl:ReferenceID><ebl:PaymentAction>Sale</ebl:PaymentAction><ebl:PaymentType>Any</ebl:PaymentType><ebl:PaymentDetails><ebl:OrderTotal currencyID="USD">250</ebl:OrderTotal><ebl:ButtonSource>PayPal_SDK</ebl:ButtonSource><ebl:NotifyURL>http://localhost:81/cli/charge/handle_paypal_ipn</ebl:NotifyURL></ebl:PaymentDetails></ebl:DoReferenceTransactionRequestDetails><ebl:Version>106.0</ebl:Version></ns:DoReferenceTransactionRequest></ns:DoReferenceTransactionReq></soapenv:Body></soapenv:Envelope>
PayPal\Core\PPHttpConnection: Adding header X-PAYPAL-REQUEST-DATA-FORMAT: SOAP
PayPal\Core\PPHttpConnection: Adding header X-PAYPAL-RESPONSE-DATA-FORMAT: SOAP
PayPal\Core\PPHttpConnection: Adding header X-PAYPAL-DEVICE-IPADDRESS: ::1
PayPal\Core\PPHttpConnection: Adding header X-PAYPAL-REQUEST-SOURCE: merchant-php-sdk-3.6.106
PayPal\Core\PPHttpConnection: Invalid or no certificate authority found - Retrying using bundled CA certs file
PayPal\Core\PPAPIService: Response: <?xml version="1.0" encoding="UTF-8"?><SOAP-ENV:Envelope xmlns:SOAP-ENV="http://schemas.xmlsoap.org/soap/envelope/" xmlns:SOAP-ENC="http://schemas.xmlsoap.org/soap/encoding/" xmlns:xsi="http://www.w3.org/2001/XMLSchema-instance" xmlns:xsd="http://www.w3.org/2001/XMLSchema" xmlns:xs="http://www.w3.org/2001/XMLSchema" xmlns:cc="urn:ebay:apis:CoreComponentTypes" xmlns:wsu="http://schemas.xmlsoap.org/ws/2002/07/utility" xmlns:saml="urn:oasis:names:tc:SAML:1.0:assertion" xmlns:ds="http://www.w3.org/2000/09/xmldsig#" xmlns:wsse="http://schemas.xmlsoap.org/ws/2002/12/secext" xmlns:ed="urn:ebay:apis:EnhancedDataTypes" xmlns:ebl="urn:ebay:apis:eBLBaseComponents" xmlns:ns="urn:ebay:api:PayPalAPI"><SOAP-ENV:Header><Security xmlns="http://schemas.xmlsoap.org/ws/2002/12/secext" xsi:type="wsse:SecurityType"></Security><RequesterCredentials xmlns="urn:ebay:api:PayPalAPI" xsi:type="ebl:CustomSecurityHeaderType"><Credentials xmlns="urn:ebay:apis:eBLBaseComponents" xsi:type="ebl:UserIdPasswordType"><Username xsi:type="xs:string"></Username><Password xsi:type="xs:string"></Password><Signature xsi:type="xs:string"></Signature><Subject xsi:type="xs:string"></Subject></Credentials></RequesterCredentials></SOAP-ENV:Header><SOAP-ENV:Body id="_0"><DoReferenceTransactionResponse xmlns="urn:ebay:api:PayPalAPI"><Timestamp xmlns="urn:ebay:apis:eBLBaseComponents">2017-06-30T17:00:31Z</Timestamp><Ack xmlns="urn:ebay:apis:eBLBaseComponents">Success</Ack><CorrelationID xmlns="urn:ebay:apis:eBLBaseComponents">c895dd0fdb19</CorrelationID><Version xmlns="urn:ebay:apis:eBLBaseComponents">106.0</Version><Build xmlns="urn:ebay:apis:eBLBaseComponents">29297572</Build><DoReferenceTransactionResponseDetails xmlns="urn:ebay:apis:eBLBaseComponents" xsi:type="ebl:DoReferenceTransactionResponseDetailsType"><BillingAgreementID xsi:type="xs:string">B-4KM10611LT757154G</BillingAgreementID><PaymentInfo xsi:type="ebl:PaymentInfoType"><TransactionID>1U2597668P854042H</TransactionID><ParentTransactionID xsi:type="ebl:TransactionId"></ParentTransactionID><ReceiptID></ReceiptID><TransactionType xsi:type="ebl:PaymentTransactionCodeType">mercht-pmt</TransactionType><PaymentType xsi:type="ebl:PaymentCodeType">instant</PaymentType><PaymentDate xsi:type="xs:dateTime">2017-06-30T17:00:30Z</PaymentDate><GrossAmount xsi:type="cc:BasicAmountType" currencyID="USD">250.00</GrossAmount><FeeAmount xsi:type="cc:BasicAmountType" currencyID="USD">7.55</FeeAmount><TaxAmount xsi:type="cc:BasicAmountType" currencyID="USD">0.00</TaxAmount><ExchangeRate xsi:type="xs:string"></ExchangeRate><PaymentStatus xsi:type="ebl:PaymentStatusCodeType">Completed</PaymentStatus><PendingReason xsi:type="ebl:PendingStatusCodeType">none</PendingReason><ReasonCode xsi:type="ebl:ReversalReasonCodeType">none</ReasonCode><ProtectionEligibility xsi:type="xs:string">Eligible</ProtectionEligibility><ProtectionEligibilityType xsi:type="xs:string">ItemNotReceivedEligible,UnauthorizedPaymentEligible</ProtectionEligibilityType></PaymentInfo></DoReferenceTransactionResponseDetails></DoReferenceTransactionResponse></SOAP-ENV:Body></SOAP-ENV:Envelope>
PayPal\Core\PPAPIService: Request: <soapenv:Envelope  xmlns:soapenv="http://schemas.xmlsoap.org/soap/envelope/"  xmlns:ns="urn:ebay:api:PayPalAPI" xmlns:ebl="urn:ebay:apis:eBLBaseComponents" xmlns:cc="urn:ebay:apis:CoreComponentTypes" xmlns:ed="urn:ebay:apis:EnhancedDataTypes" ><soapenv:Header><ns:RequesterCredentials><ebl:Credentials><ebl:Username>seller.test_api1.haseeburrehman.com</ebl:Username><ebl:Password>HY6ENM7SA5SNFQNA</ebl:Password><ebl:Signature>AFcWxV21C7fd0v3bYYYRCpSSRl31AnJosL9DcfX40xgafuxK5ReHIdQB</ebl:Signature></ebl:Credentials></ns:RequesterCredentials></soapenv:Header><soapenv:Body><ns:SetExpressCheckoutReq><ns:SetExpressCheckoutRequest><ebl:SetExpressCheckoutRequestDetails><ebl:ReturnURL>http://localhost:81/pay/get_paypal_express_checkout</ebl:ReturnURL><ebl:CancelURL>http://localhost:81/pay/set_paypal_express_checkout</ebl:CancelURL><ebl:BillingAgreementDetails><ebl:BillingType>MerchantInitiatedBilling</ebl:BillingType><ebl:BillingAgreementDescription>Billing agreement for hourly contract</ebl:BillingAgreementDescription></ebl:BillingAgreementDetails></ebl:SetExpressCheckoutRequestDetails><ebl:Version>106.0</ebl:Version></ns:SetExpressCheckoutRequest></ns:SetExpressCheckoutReq></soapenv:Body></soapenv:Envelope>
PayPal\Core\PPHttpConnection: Adding header X-PAYPAL-REQUEST-DATA-FORMAT: SOAP
PayPal\Core\PPHttpConnection: Adding header X-PAYPAL-RESPONSE-DATA-FORMAT: SOAP
PayPal\Core\PPHttpConnection: Adding header X-PAYPAL-DEVICE-IPADDRESS: ::1
PayPal\Core\PPHttpConnection: Adding header X-PAYPAL-REQUEST-SOURCE: merchant-php-sdk-3.6.106
PayPal\Core\PPHttpConnection: Invalid or no certificate authority found - Retrying using bundled CA certs file
PayPal\Core\PPAPIService: Response: <?xml version="1.0" encoding="UTF-8"?><SOAP-ENV:Envelope xmlns:SOAP-ENV="http://schemas.xmlsoap.org/soap/envelope/" xmlns:SOAP-ENC="http://schemas.xmlsoap.org/soap/encoding/" xmlns:xsi="http://www.w3.org/2001/XMLSchema-instance" xmlns:xsd="http://www.w3.org/2001/XMLSchema" xmlns:xs="http://www.w3.org/2001/XMLSchema" xmlns:cc="urn:ebay:apis:CoreComponentTypes" xmlns:wsu="http://schemas.xmlsoap.org/ws/2002/07/utility" xmlns:saml="urn:oasis:names:tc:SAML:1.0:assertion" xmlns:ds="http://www.w3.org/2000/09/xmldsig#" xmlns:wsse="http://schemas.xmlsoap.org/ws/2002/12/secext" xmlns:ed="urn:ebay:apis:EnhancedDataTypes" xmlns:ebl="urn:ebay:apis:eBLBaseComponents" xmlns:ns="urn:ebay:api:PayPalAPI"><SOAP-ENV:Header><Security xmlns="http://schemas.xmlsoap.org/ws/2002/12/secext" xsi:type="wsse:SecurityType"></Security><RequesterCredentials xmlns="urn:ebay:api:PayPalAPI" xsi:type="ebl:CustomSecurityHeaderType"><Credentials xmlns="urn:ebay:apis:eBLBaseComponents" xsi:type="ebl:UserIdPasswordType"><Username xsi:type="xs:string"></Username><Password xsi:type="xs:string"></Password><Signature xsi:type="xs:string"></Signature><Subject xsi:type="xs:string"></Subject></Credentials></RequesterCredentials></SOAP-ENV:Header><SOAP-ENV:Body id="_0"><SetExpressCheckoutResponse xmlns="urn:ebay:api:PayPalAPI"><Timestamp xmlns="urn:ebay:apis:eBLBaseComponents">2017-06-30T17:35:23Z</Timestamp><Ack xmlns="urn:ebay:apis:eBLBaseComponents">Success</Ack><CorrelationID xmlns="urn:ebay:apis:eBLBaseComponents">f4a5b5baaee52</CorrelationID><Version xmlns="urn:ebay:apis:eBLBaseComponents">106.0</Version><Build xmlns="urn:ebay:apis:eBLBaseComponents">35789819</Build><Token xsi:type="ebl:ExpressCheckoutTokenType">EC-5CP38995WM6844315</Token></SetExpressCheckoutResponse></SOAP-ENV:Body></SOAP-ENV:Envelope>
PayPal\Core\PPAPIService: Request: <soapenv:Envelope  xmlns:soapenv="http://schemas.xmlsoap.org/soap/envelope/"  xmlns:ns="urn:ebay:api:PayPalAPI" xmlns:ebl="urn:ebay:apis:eBLBaseComponents" xmlns:cc="urn:ebay:apis:CoreComponentTypes" xmlns:ed="urn:ebay:apis:EnhancedDataTypes" ><soapenv:Header><ns:RequesterCredentials><ebl:Credentials><ebl:Username>winjobllc_api1.gmail.com</ebl:Username><ebl:Password>B79M9LK67WASG6B4</ebl:Password><ebl:Signature>AiPC9BjKCyDFQXbSkoZcgqH3hpacAWFlMjblrJfEO0Wx5pi-5iGTwOo5</ebl:Signature></ebl:Credentials></ns:RequesterCredentials></soapenv:Header><soapenv:Body><ns:SetExpressCheckoutReq><ns:SetExpressCheckoutRequest><ebl:SetExpressCheckoutRequestDetails><ebl:ReturnURL>http://localhost:81/pay/get_paypal_express_checkout</ebl:ReturnURL><ebl:CancelURL>http://localhost:81/pay/set_paypal_express_checkout</ebl:CancelURL><ebl:BillingAgreementDetails><ebl:BillingType>MerchantInitiatedBilling</ebl:BillingType><ebl:BillingAgreementDescription>Billing agreement for hourly contract</ebl:BillingAgreementDescription></ebl:BillingAgreementDetails></ebl:SetExpressCheckoutRequestDetails><ebl:Version>106.0</ebl:Version></ns:SetExpressCheckoutRequest></ns:SetExpressCheckoutReq></soapenv:Body></soapenv:Envelope>
PayPal\Core\PPHttpConnection: Adding header X-PAYPAL-REQUEST-DATA-FORMAT: SOAP
PayPal\Core\PPHttpConnection: Adding header X-PAYPAL-RESPONSE-DATA-FORMAT: SOAP
PayPal\Core\PPHttpConnection: Adding header X-PAYPAL-DEVICE-IPADDRESS: ::1
PayPal\Core\PPHttpConnection: Adding header X-PAYPAL-REQUEST-SOURCE: merchant-php-sdk-3.6.106
PayPal\Core\PPHttpConnection: Invalid or no certificate authority found - Retrying using bundled CA certs file
PayPal\Core\PPAPIService: Response: <?xml version="1.0" encoding="UTF-8"?><SOAP-ENV:Envelope xmlns:SOAP-ENV="http://schemas.xmlsoap.org/soap/envelope/" xmlns:SOAP-ENC="http://schemas.xmlsoap.org/soap/encoding/" xmlns:xsi="http://www.w3.org/2001/XMLSchema-instance" xmlns:xsd="http://www.w3.org/2001/XMLSchema" xmlns:xs="http://www.w3.org/2001/XMLSchema" xmlns:cc="urn:ebay:apis:CoreComponentTypes" xmlns:wsu="http://schemas.xmlsoap.org/ws/2002/07/utility" xmlns:saml="urn:oasis:names:tc:SAML:1.0:assertion" xmlns:ds="http://www.w3.org/2000/09/xmldsig#" xmlns:wsse="http://schemas.xmlsoap.org/ws/2002/12/secext" xmlns:ed="urn:ebay:apis:EnhancedDataTypes" xmlns:ebl="urn:ebay:apis:eBLBaseComponents" xmlns:ns="urn:ebay:api:PayPalAPI"><SOAP-ENV:Header><Security xmlns="http://schemas.xmlsoap.org/ws/2002/12/secext" xsi:type="wsse:SecurityType"></Security><RequesterCredentials xmlns="urn:ebay:api:PayPalAPI" xsi:type="ebl:CustomSecurityHeaderType"><Credentials xmlns="urn:ebay:apis:eBLBaseComponents" xsi:type="ebl:UserIdPasswordType"><Username xsi:type="xs:string"></Username><Password xsi:type="xs:string"></Password><Signature xsi:type="xs:string"></Signature><Subject xsi:type="xs:string"></Subject></Credentials></RequesterCredentials></SOAP-ENV:Header><SOAP-ENV:Body id="_0"><SetExpressCheckoutResponse xmlns="urn:ebay:api:PayPalAPI"><Timestamp xmlns="urn:ebay:apis:eBLBaseComponents">2017-06-30T17:40:48Z</Timestamp><Ack xmlns="urn:ebay:apis:eBLBaseComponents">Failure</Ack><CorrelationID xmlns="urn:ebay:apis:eBLBaseComponents">2b65bee31b0f0</CorrelationID><Errors xmlns="urn:ebay:apis:eBLBaseComponents" xsi:type="ebl:ErrorType"><ShortMessage xsi:type="xs:string">Security error</ShortMessage><LongMessage xsi:type="xs:string">Security header is not valid</LongMessage><ErrorCode xsi:type="xs:token">10002</ErrorCode><SeverityCode xmlns="urn:ebay:apis:eBLBaseComponents">Error</SeverityCode></Errors><Version xmlns="urn:ebay:apis:eBLBaseComponents">106.0</Version><Build xmlns="urn:ebay:apis:eBLBaseComponents">35789819</Build></SetExpressCheckoutResponse></SOAP-ENV:Body></SOAP-ENV:Envelope>
PayPal\Core\PPAPIService: Request: <soapenv:Envelope  xmlns:soapenv="http://schemas.xmlsoap.org/soap/envelope/"  xmlns:ns="urn:ebay:api:PayPalAPI" xmlns:ebl="urn:ebay:apis:eBLBaseComponents" xmlns:cc="urn:ebay:apis:CoreComponentTypes" xmlns:ed="urn:ebay:apis:EnhancedDataTypes" ><soapenv:Header><ns:RequesterCredentials><ebl:Credentials><ebl:Username>winjobllc_api1.gmail.com</ebl:Username><ebl:Password>B79M9LK67WASG6B4</ebl:Password><ebl:Signature>AiPC9BjKCyDFQXbSkoZcgqH3hpacAWFlMjblrJfEO0Wx5pi-5iGTwOo5</ebl:Signature></ebl:Credentials></ns:RequesterCredentials></soapenv:Header><soapenv:Body><ns:SetExpressCheckoutReq><ns:SetExpressCheckoutRequest><ebl:SetExpressCheckoutRequestDetails><ebl:ReturnURL>http://localhost:81/pay/get_paypal_express_checkout</ebl:ReturnURL><ebl:CancelURL>http://localhost:81/pay/set_paypal_express_checkout</ebl:CancelURL><ebl:BillingAgreementDetails><ebl:BillingType>MerchantInitiatedBilling</ebl:BillingType><ebl:BillingAgreementDescription>Billing agreement for hourly contract</ebl:BillingAgreementDescription></ebl:BillingAgreementDetails></ebl:SetExpressCheckoutRequestDetails><ebl:Version>106.0</ebl:Version></ns:SetExpressCheckoutRequest></ns:SetExpressCheckoutReq></soapenv:Body></soapenv:Envelope>
PayPal\Core\PPHttpConnection: Adding header X-PAYPAL-REQUEST-DATA-FORMAT: SOAP
PayPal\Core\PPHttpConnection: Adding header X-PAYPAL-RESPONSE-DATA-FORMAT: SOAP
PayPal\Core\PPHttpConnection: Adding header X-PAYPAL-DEVICE-IPADDRESS: ::1
PayPal\Core\PPHttpConnection: Adding header X-PAYPAL-REQUEST-SOURCE: merchant-php-sdk-3.6.106
PayPal\Core\PPHttpConnection: Invalid or no certificate authority found - Retrying using bundled CA certs file
PayPal\Core\PPAPIService: Response: <?xml version="1.0" encoding="UTF-8"?><SOAP-ENV:Envelope xmlns:SOAP-ENV="http://schemas.xmlsoap.org/soap/envelope/" xmlns:SOAP-ENC="http://schemas.xmlsoap.org/soap/encoding/" xmlns:xsi="http://www.w3.org/2001/XMLSchema-instance" xmlns:xsd="http://www.w3.org/2001/XMLSchema" xmlns:xs="http://www.w3.org/2001/XMLSchema" xmlns:cc="urn:ebay:apis:CoreComponentTypes" xmlns:wsu="http://schemas.xmlsoap.org/ws/2002/07/utility" xmlns:saml="urn:oasis:names:tc:SAML:1.0:assertion" xmlns:ds="http://www.w3.org/2000/09/xmldsig#" xmlns:wsse="http://schemas.xmlsoap.org/ws/2002/12/secext" xmlns:ed="urn:ebay:apis:EnhancedDataTypes" xmlns:ebl="urn:ebay:apis:eBLBaseComponents" xmlns:ns="urn:ebay:api:PayPalAPI"><SOAP-ENV:Header><Security xmlns="http://schemas.xmlsoap.org/ws/2002/12/secext" xsi:type="wsse:SecurityType"></Security><RequesterCredentials xmlns="urn:ebay:api:PayPalAPI" xsi:type="ebl:CustomSecurityHeaderType"><Credentials xmlns="urn:ebay:apis:eBLBaseComponents" xsi:type="ebl:UserIdPasswordType"><Username xsi:type="xs:string"></Username><Password xsi:type="xs:string"></Password><Signature xsi:type="xs:string"></Signature><Subject xsi:type="xs:string"></Subject></Credentials></RequesterCredentials></SOAP-ENV:Header><SOAP-ENV:Body id="_0"><SetExpressCheckoutResponse xmlns="urn:ebay:api:PayPalAPI"><Timestamp xmlns="urn:ebay:apis:eBLBaseComponents">2017-06-30T17:41:26Z</Timestamp><Ack xmlns="urn:ebay:apis:eBLBaseComponents">Failure</Ack><CorrelationID xmlns="urn:ebay:apis:eBLBaseComponents">8e99ebdcf3ab0</CorrelationID><Errors xmlns="urn:ebay:apis:eBLBaseComponents" xsi:type="ebl:ErrorType"><ShortMessage xsi:type="xs:string">Security error</ShortMessage><LongMessage xsi:type="xs:string">Security header is not valid</LongMessage><ErrorCode xsi:type="xs:token">10002</ErrorCode><SeverityCode xmlns="urn:ebay:apis:eBLBaseComponents">Error</SeverityCode></Errors><Version xmlns="urn:ebay:apis:eBLBaseComponents">106.0</Version><Build xmlns="urn:ebay:apis:eBLBaseComponents">35789819</Build></SetExpressCheckoutResponse></SOAP-ENV:Body></SOAP-ENV:Envelope>
PayPal\Core\PPAPIService: Request: <soapenv:Envelope  xmlns:soapenv="http://schemas.xmlsoap.org/soap/envelope/"  xmlns:ns="urn:ebay:api:PayPalAPI" xmlns:ebl="urn:ebay:apis:eBLBaseComponents" xmlns:cc="urn:ebay:apis:CoreComponentTypes" xmlns:ed="urn:ebay:apis:EnhancedDataTypes" ><soapenv:Header><ns:RequesterCredentials><ebl:Credentials><ebl:Username>winjobllc_api1.gmail.com</ebl:Username><ebl:Password>B79M9LK67WASG6B4</ebl:Password><ebl:Signature>AiPC9BjKCyDFQXbSkoZcgqH3hpacAWFlMjblrJfEO0Wx5pi-5iGTwOo5</ebl:Signature></ebl:Credentials></ns:RequesterCredentials></soapenv:Header><soapenv:Body><ns:SetExpressCheckoutReq><ns:SetExpressCheckoutRequest><ebl:SetExpressCheckoutRequestDetails><ebl:ReturnURL>http://localhost:81/pay/get_paypal_express_checkout</ebl:ReturnURL><ebl:CancelURL>http://localhost:81/pay/set_paypal_express_checkout</ebl:CancelURL><ebl:BillingAgreementDetails><ebl:BillingType>MerchantInitiatedBilling</ebl:BillingType><ebl:BillingAgreementDescription>Billing agreement for hourly contract</ebl:BillingAgreementDescription></ebl:BillingAgreementDetails></ebl:SetExpressCheckoutRequestDetails><ebl:Version>106.0</ebl:Version></ns:SetExpressCheckoutRequest></ns:SetExpressCheckoutReq></soapenv:Body></soapenv:Envelope>
PayPal\Core\PPHttpConnection: Adding header X-PAYPAL-REQUEST-DATA-FORMAT: SOAP
PayPal\Core\PPHttpConnection: Adding header X-PAYPAL-RESPONSE-DATA-FORMAT: SOAP
PayPal\Core\PPHttpConnection: Adding header X-PAYPAL-DEVICE-IPADDRESS: ::1
PayPal\Core\PPHttpConnection: Adding header X-PAYPAL-REQUEST-SOURCE: merchant-php-sdk-3.6.106
PayPal\Core\PPHttpConnection: Invalid or no certificate authority found - Retrying using bundled CA certs file
PayPal\Core\PPAPIService: Response: <?xml version="1.0" encoding="UTF-8"?><SOAP-ENV:Envelope xmlns:SOAP-ENV="http://schemas.xmlsoap.org/soap/envelope/" xmlns:SOAP-ENC="http://schemas.xmlsoap.org/soap/encoding/" xmlns:xsi="http://www.w3.org/2001/XMLSchema-instance" xmlns:xsd="http://www.w3.org/2001/XMLSchema" xmlns:xs="http://www.w3.org/2001/XMLSchema" xmlns:cc="urn:ebay:apis:CoreComponentTypes" xmlns:wsu="http://schemas.xmlsoap.org/ws/2002/07/utility" xmlns:saml="urn:oasis:names:tc:SAML:1.0:assertion" xmlns:ds="http://www.w3.org/2000/09/xmldsig#" xmlns:wsse="http://schemas.xmlsoap.org/ws/2002/12/secext" xmlns:ed="urn:ebay:apis:EnhancedDataTypes" xmlns:ebl="urn:ebay:apis:eBLBaseComponents" xmlns:ns="urn:ebay:api:PayPalAPI"><SOAP-ENV:Header><Security xmlns="http://schemas.xmlsoap.org/ws/2002/12/secext" xsi:type="wsse:SecurityType"></Security><RequesterCredentials xmlns="urn:ebay:api:PayPalAPI" xsi:type="ebl:CustomSecurityHeaderType"><Credentials xmlns="urn:ebay:apis:eBLBaseComponents" xsi:type="ebl:UserIdPasswordType"><Username xsi:type="xs:string"></Username><Password xsi:type="xs:string"></Password><Signature xsi:type="xs:string"></Signature><Subject xsi:type="xs:string"></Subject></Credentials></RequesterCredentials></SOAP-ENV:Header><SOAP-ENV:Body id="_0"><SetExpressCheckoutResponse xmlns="urn:ebay:api:PayPalAPI"><Timestamp xmlns="urn:ebay:apis:eBLBaseComponents">2017-06-30T17:42:42Z</Timestamp><Ack xmlns="urn:ebay:apis:eBLBaseComponents">Failure</Ack><CorrelationID xmlns="urn:ebay:apis:eBLBaseComponents">c9e87647dcce</CorrelationID><Errors xmlns="urn:ebay:apis:eBLBaseComponents" xsi:type="ebl:ErrorType"><ShortMessage xsi:type="xs:string">Security error</ShortMessage><LongMessage xsi:type="xs:string">Security header is not valid</LongMessage><ErrorCode xsi:type="xs:token">10002</ErrorCode><SeverityCode xmlns="urn:ebay:apis:eBLBaseComponents">Error</SeverityCode></Errors><Version xmlns="urn:ebay:apis:eBLBaseComponents">106.0</Version><Build xmlns="urn:ebay:apis:eBLBaseComponents">35789819</Build></SetExpressCheckoutResponse></SOAP-ENV:Body></SOAP-ENV:Envelope>
PayPal\Core\PPAPIService: Request: <soapenv:Envelope  xmlns:soapenv="http://schemas.xmlsoap.org/soap/envelope/"  xmlns:ns="urn:ebay:api:PayPalAPI" xmlns:ebl="urn:ebay:apis:eBLBaseComponents" xmlns:cc="urn:ebay:apis:CoreComponentTypes" xmlns:ed="urn:ebay:apis:EnhancedDataTypes" ><soapenv:Header><ns:RequesterCredentials><ebl:Credentials><ebl:Username>winjobllc_api1.gmail.com</ebl:Username><ebl:Password>B79M9LK67WASG6B4</ebl:Password><ebl:Signature>AiPC9BjKCyDFQXbSkoZcgqH3hpacAWFlMjblrJfEO0Wx5pi-5iGTwOo5</ebl:Signature></ebl:Credentials></ns:RequesterCredentials></soapenv:Header><soapenv:Body><ns:SetExpressCheckoutReq><ns:SetExpressCheckoutRequest><ebl:SetExpressCheckoutRequestDetails><ebl:ReturnURL>http://localhost:81/pay/get_paypal_express_checkout</ebl:ReturnURL><ebl:CancelURL>http://localhost:81/pay/set_paypal_express_checkout</ebl:CancelURL><ebl:BillingAgreementDetails><ebl:BillingType>MerchantInitiatedBilling</ebl:BillingType><ebl:BillingAgreementDescription>Billing agreement for hourly contract</ebl:BillingAgreementDescription></ebl:BillingAgreementDetails></ebl:SetExpressCheckoutRequestDetails><ebl:Version>106.0</ebl:Version></ns:SetExpressCheckoutRequest></ns:SetExpressCheckoutReq></soapenv:Body></soapenv:Envelope>
PayPal\Core\PPHttpConnection: Adding header X-PAYPAL-REQUEST-DATA-FORMAT: SOAP
PayPal\Core\PPHttpConnection: Adding header X-PAYPAL-RESPONSE-DATA-FORMAT: SOAP
PayPal\Core\PPHttpConnection: Adding header X-PAYPAL-DEVICE-IPADDRESS: ::1
PayPal\Core\PPHttpConnection: Adding header X-PAYPAL-REQUEST-SOURCE: merchant-php-sdk-3.6.106
PayPal\Core\PPHttpConnection: Invalid or no certificate authority found - Retrying using bundled CA certs file
PayPal\Core\PPAPIService: Response: <?xml version="1.0" encoding="UTF-8"?><SOAP-ENV:Envelope xmlns:SOAP-ENV="http://schemas.xmlsoap.org/soap/envelope/" xmlns:SOAP-ENC="http://schemas.xmlsoap.org/soap/encoding/" xmlns:xsi="http://www.w3.org/2001/XMLSchema-instance" xmlns:xsd="http://www.w3.org/2001/XMLSchema" xmlns:xs="http://www.w3.org/2001/XMLSchema" xmlns:cc="urn:ebay:apis:CoreComponentTypes" xmlns:wsu="http://schemas.xmlsoap.org/ws/2002/07/utility" xmlns:saml="urn:oasis:names:tc:SAML:1.0:assertion" xmlns:ds="http://www.w3.org/2000/09/xmldsig#" xmlns:wsse="http://schemas.xmlsoap.org/ws/2002/12/secext" xmlns:ed="urn:ebay:apis:EnhancedDataTypes" xmlns:ebl="urn:ebay:apis:eBLBaseComponents" xmlns:ns="urn:ebay:api:PayPalAPI"><SOAP-ENV:Header><Security xmlns="http://schemas.xmlsoap.org/ws/2002/12/secext" xsi:type="wsse:SecurityType"></Security><RequesterCredentials xmlns="urn:ebay:api:PayPalAPI" xsi:type="ebl:CustomSecurityHeaderType"><Credentials xmlns="urn:ebay:apis:eBLBaseComponents" xsi:type="ebl:UserIdPasswordType"><Username xsi:type="xs:string"></Username><Password xsi:type="xs:string"></Password><Signature xsi:type="xs:string"></Signature><Subject xsi:type="xs:string"></Subject></Credentials></RequesterCredentials></SOAP-ENV:Header><SOAP-ENV:Body id="_0"><SetExpressCheckoutResponse xmlns="urn:ebay:api:PayPalAPI"><Timestamp xmlns="urn:ebay:apis:eBLBaseComponents">2017-06-30T17:45:01Z</Timestamp><Ack xmlns="urn:ebay:apis:eBLBaseComponents">Failure</Ack><CorrelationID xmlns="urn:ebay:apis:eBLBaseComponents">6612aae47a7ba</CorrelationID><Errors xmlns="urn:ebay:apis:eBLBaseComponents" xsi:type="ebl:ErrorType"><ShortMessage xsi:type="xs:string">Security error</ShortMessage><LongMessage xsi:type="xs:string">Security header is not valid</LongMessage><ErrorCode xsi:type="xs:token">10002</ErrorCode><SeverityCode xmlns="urn:ebay:apis:eBLBaseComponents">Error</SeverityCode></Errors><Version xmlns="urn:ebay:apis:eBLBaseComponents">106.0</Version><Build xmlns="urn:ebay:apis:eBLBaseComponents">35789819</Build></SetExpressCheckoutResponse></SOAP-ENV:Body></SOAP-ENV:Envelope>
PayPal\Core\PPAPIService: Request: <soapenv:Envelope  xmlns:soapenv="http://schemas.xmlsoap.org/soap/envelope/"  xmlns:ns="urn:ebay:api:PayPalAPI" xmlns:ebl="urn:ebay:apis:eBLBaseComponents" xmlns:cc="urn:ebay:apis:CoreComponentTypes" xmlns:ed="urn:ebay:apis:EnhancedDataTypes" ><soapenv:Header><ns:RequesterCredentials><ebl:Credentials><ebl:Username>seller.test_api1.haseeburrehman.com</ebl:Username><ebl:Password>HY6ENM7SA5SNFQNA</ebl:Password><ebl:Signature>AFcWxV21C7fd0v3bYYYRCpSSRl31AnJosL9DcfX40xgafuxK5ReHIdQB</ebl:Signature></ebl:Credentials></ns:RequesterCredentials></soapenv:Header><soapenv:Body><ns:SetExpressCheckoutReq><ns:SetExpressCheckoutRequest><ebl:SetExpressCheckoutRequestDetails><ebl:ReturnURL>http://localhost:81/pay/get_paypal_express_checkout</ebl:ReturnURL><ebl:CancelURL>http://localhost:81/pay/set_paypal_express_checkout</ebl:CancelURL><ebl:BillingAgreementDetails><ebl:BillingType>MerchantInitiatedBilling</ebl:BillingType><ebl:BillingAgreementDescription>Billing agreement for hourly contract</ebl:BillingAgreementDescription></ebl:BillingAgreementDetails></ebl:SetExpressCheckoutRequestDetails><ebl:Version>106.0</ebl:Version></ns:SetExpressCheckoutRequest></ns:SetExpressCheckoutReq></soapenv:Body></soapenv:Envelope>
PayPal\Core\PPHttpConnection: Adding header X-PAYPAL-REQUEST-DATA-FORMAT: SOAP
PayPal\Core\PPHttpConnection: Adding header X-PAYPAL-RESPONSE-DATA-FORMAT: SOAP
PayPal\Core\PPHttpConnection: Adding header X-PAYPAL-DEVICE-IPADDRESS: ::1
PayPal\Core\PPHttpConnection: Adding header X-PAYPAL-REQUEST-SOURCE: merchant-php-sdk-3.6.106
PayPal\Core\PPHttpConnection: Invalid or no certificate authority found - Retrying using bundled CA certs file
PayPal\Core\PPAPIService: Response: <?xml version="1.0" encoding="UTF-8"?><SOAP-ENV:Envelope xmlns:SOAP-ENV="http://schemas.xmlsoap.org/soap/envelope/" xmlns:SOAP-ENC="http://schemas.xmlsoap.org/soap/encoding/" xmlns:xsi="http://www.w3.org/2001/XMLSchema-instance" xmlns:xsd="http://www.w3.org/2001/XMLSchema" xmlns:xs="http://www.w3.org/2001/XMLSchema" xmlns:cc="urn:ebay:apis:CoreComponentTypes" xmlns:wsu="http://schemas.xmlsoap.org/ws/2002/07/utility" xmlns:saml="urn:oasis:names:tc:SAML:1.0:assertion" xmlns:ds="http://www.w3.org/2000/09/xmldsig#" xmlns:wsse="http://schemas.xmlsoap.org/ws/2002/12/secext" xmlns:ed="urn:ebay:apis:EnhancedDataTypes" xmlns:ebl="urn:ebay:apis:eBLBaseComponents" xmlns:ns="urn:ebay:api:PayPalAPI"><SOAP-ENV:Header><Security xmlns="http://schemas.xmlsoap.org/ws/2002/12/secext" xsi:type="wsse:SecurityType"></Security><RequesterCredentials xmlns="urn:ebay:api:PayPalAPI" xsi:type="ebl:CustomSecurityHeaderType"><Credentials xmlns="urn:ebay:apis:eBLBaseComponents" xsi:type="ebl:UserIdPasswordType"><Username xsi:type="xs:string"></Username><Password xsi:type="xs:string"></Password><Signature xsi:type="xs:string"></Signature><Subject xsi:type="xs:string"></Subject></Credentials></RequesterCredentials></SOAP-ENV:Header><SOAP-ENV:Body id="_0"><SetExpressCheckoutResponse xmlns="urn:ebay:api:PayPalAPI"><Timestamp xmlns="urn:ebay:apis:eBLBaseComponents">2017-06-30T17:45:22Z</Timestamp><Ack xmlns="urn:ebay:apis:eBLBaseComponents">Success</Ack><CorrelationID xmlns="urn:ebay:apis:eBLBaseComponents">24850f41d4ec7</CorrelationID><Version xmlns="urn:ebay:apis:eBLBaseComponents">106.0</Version><Build xmlns="urn:ebay:apis:eBLBaseComponents">35789819</Build><Token xsi:type="ebl:ExpressCheckoutTokenType">EC-9A411423485714216</Token></SetExpressCheckoutResponse></SOAP-ENV:Body></SOAP-ENV:Envelope>
PayPal\Core\PPAPIService: Request: <soapenv:Envelope  xmlns:soapenv="http://schemas.xmlsoap.org/soap/envelope/"  xmlns:ns="urn:ebay:api:PayPalAPI" xmlns:ebl="urn:ebay:apis:eBLBaseComponents" xmlns:cc="urn:ebay:apis:CoreComponentTypes" xmlns:ed="urn:ebay:apis:EnhancedDataTypes" ><soapenv:Header><ns:RequesterCredentials><ebl:Credentials><ebl:Username>seller.test_api1.haseeburrehman.com</ebl:Username><ebl:Password>HY6ENM7SA5SNFQNA</ebl:Password><ebl:Signature>AFcWxV21C7fd0v3bYYYRCpSSRl31AnJosL9DcfX40xgafuxK5ReHIdQB</ebl:Signature></ebl:Credentials></ns:RequesterCredentials></soapenv:Header><soapenv:Body><ns:RefundTransactionReq><ns:RefundTransactionRequest><ns:TransactionID>23150206EB128622K</ns:TransactionID><ns:RefundType>Full</ns:RefundType><ebl:Version>106.0</ebl:Version></ns:RefundTransactionRequest></ns:RefundTransactionReq></soapenv:Body></soapenv:Envelope>
PayPal\Core\PPHttpConnection: Adding header X-PAYPAL-REQUEST-DATA-FORMAT: SOAP
PayPal\Core\PPHttpConnection: Adding header X-PAYPAL-RESPONSE-DATA-FORMAT: SOAP
PayPal\Core\PPHttpConnection: Adding header X-PAYPAL-DEVICE-IPADDRESS: ::1
PayPal\Core\PPHttpConnection: Adding header X-PAYPAL-REQUEST-SOURCE: merchant-php-sdk-3.6.106
PayPal\Core\PPHttpConnection: Invalid or no certificate authority found - Retrying using bundled CA certs file
PayPal\Core\PPAPIService: Response: <?xml version="1.0" encoding="UTF-8"?><SOAP-ENV:Envelope xmlns:SOAP-ENV="http://schemas.xmlsoap.org/soap/envelope/" xmlns:SOAP-ENC="http://schemas.xmlsoap.org/soap/encoding/" xmlns:xsi="http://www.w3.org/2001/XMLSchema-instance" xmlns:xsd="http://www.w3.org/2001/XMLSchema" xmlns:xs="http://www.w3.org/2001/XMLSchema" xmlns:cc="urn:ebay:apis:CoreComponentTypes" xmlns:wsu="http://schemas.xmlsoap.org/ws/2002/07/utility" xmlns:saml="urn:oasis:names:tc:SAML:1.0:assertion" xmlns:ds="http://www.w3.org/2000/09/xmldsig#" xmlns:wsse="http://schemas.xmlsoap.org/ws/2002/12/secext" xmlns:ed="urn:ebay:apis:EnhancedDataTypes" xmlns:ebl="urn:ebay:apis:eBLBaseComponents" xmlns:ns="urn:ebay:api:PayPalAPI"><SOAP-ENV:Header><Security xmlns="http://schemas.xmlsoap.org/ws/2002/12/secext" xsi:type="wsse:SecurityType"></Security><RequesterCredentials xmlns="urn:ebay:api:PayPalAPI" xsi:type="ebl:CustomSecurityHeaderType"><Credentials xmlns="urn:ebay:apis:eBLBaseComponents" xsi:type="ebl:UserIdPasswordType"><Username xsi:type="xs:string"></Username><Password xsi:type="xs:string"></Password><Signature xsi:type="xs:string"></Signature><Subject xsi:type="xs:string"></Subject></Credentials></RequesterCredentials></SOAP-ENV:Header><SOAP-ENV:Body id="_0"><RefundTransactionResponse xmlns="urn:ebay:api:PayPalAPI"><Timestamp xmlns="urn:ebay:apis:eBLBaseComponents">2017-07-01T04:48:58Z</Timestamp><Ack xmlns="urn:ebay:apis:eBLBaseComponents">Failure</Ack><CorrelationID xmlns="urn:ebay:apis:eBLBaseComponents">230b5b08ef5a</CorrelationID><Errors xmlns="urn:ebay:apis:eBLBaseComponents" xsi:type="ebl:ErrorType"><ShortMessage xsi:type="xs:string">Transaction refused</ShortMessage><LongMessage xsi:type="xs:string">This transaction has already been fully refunded</LongMessage><ErrorCode xsi:type="xs:token">10009</ErrorCode><SeverityCode xmlns="urn:ebay:apis:eBLBaseComponents">Error</SeverityCode></Errors><Version xmlns="urn:ebay:apis:eBLBaseComponents">106.0</Version><Build xmlns="urn:ebay:apis:eBLBaseComponents">35824132</Build><RefundTransactionID></RefundTransactionID></RefundTransactionResponse></SOAP-ENV:Body></SOAP-ENV:Envelope>
PayPal\Core\PPAPIService: Request: <soapenv:Envelope  xmlns:soapenv="http://schemas.xmlsoap.org/soap/envelope/"  xmlns:ns="urn:ebay:api:PayPalAPI" xmlns:ebl="urn:ebay:apis:eBLBaseComponents" xmlns:cc="urn:ebay:apis:CoreComponentTypes" xmlns:ed="urn:ebay:apis:EnhancedDataTypes" ><soapenv:Header><ns:RequesterCredentials><ebl:Credentials><ebl:Username>seller.test_api1.haseeburrehman.com</ebl:Username><ebl:Password>HY6ENM7SA5SNFQNA</ebl:Password><ebl:Signature>AFcWxV21C7fd0v3bYYYRCpSSRl31AnJosL9DcfX40xgafuxK5ReHIdQB</ebl:Signature></ebl:Credentials></ns:RequesterCredentials></soapenv:Header><soapenv:Body><ns:RefundTransactionReq><ns:RefundTransactionRequest><ns:TransactionID>1U2597668P854042H</ns:TransactionID><ns:RefundType>Full</ns:RefundType><ebl:Version>106.0</ebl:Version></ns:RefundTransactionRequest></ns:RefundTransactionReq></soapenv:Body></soapenv:Envelope>
PayPal\Core\PPHttpConnection: Adding header X-PAYPAL-REQUEST-DATA-FORMAT: SOAP
PayPal\Core\PPHttpConnection: Adding header X-PAYPAL-RESPONSE-DATA-FORMAT: SOAP
PayPal\Core\PPHttpConnection: Adding header X-PAYPAL-DEVICE-IPADDRESS: ::1
PayPal\Core\PPHttpConnection: Adding header X-PAYPAL-REQUEST-SOURCE: merchant-php-sdk-3.6.106
PayPal\Core\PPHttpConnection: Invalid or no certificate authority found - Retrying using bundled CA certs file
PayPal\Core\PPAPIService: Response: <?xml version="1.0" encoding="UTF-8"?><SOAP-ENV:Envelope xmlns:SOAP-ENV="http://schemas.xmlsoap.org/soap/envelope/" xmlns:SOAP-ENC="http://schemas.xmlsoap.org/soap/encoding/" xmlns:xsi="http://www.w3.org/2001/XMLSchema-instance" xmlns:xsd="http://www.w3.org/2001/XMLSchema" xmlns:xs="http://www.w3.org/2001/XMLSchema" xmlns:cc="urn:ebay:apis:CoreComponentTypes" xmlns:wsu="http://schemas.xmlsoap.org/ws/2002/07/utility" xmlns:saml="urn:oasis:names:tc:SAML:1.0:assertion" xmlns:ds="http://www.w3.org/2000/09/xmldsig#" xmlns:wsse="http://schemas.xmlsoap.org/ws/2002/12/secext" xmlns:ed="urn:ebay:apis:EnhancedDataTypes" xmlns:ebl="urn:ebay:apis:eBLBaseComponents" xmlns:ns="urn:ebay:api:PayPalAPI"><SOAP-ENV:Header><Security xmlns="http://schemas.xmlsoap.org/ws/2002/12/secext" xsi:type="wsse:SecurityType"></Security><RequesterCredentials xmlns="urn:ebay:api:PayPalAPI" xsi:type="ebl:CustomSecurityHeaderType"><Credentials xmlns="urn:ebay:apis:eBLBaseComponents" xsi:type="ebl:UserIdPasswordType"><Username xsi:type="xs:string"></Username><Password xsi:type="xs:string"></Password><Signature xsi:type="xs:string"></Signature><Subject xsi:type="xs:string"></Subject></Credentials></RequesterCredentials></SOAP-ENV:Header><SOAP-ENV:Body id="_0"><RefundTransactionResponse xmlns="urn:ebay:api:PayPalAPI"><Timestamp xmlns="urn:ebay:apis:eBLBaseComponents">2017-07-01T04:49:14Z</Timestamp><Ack xmlns="urn:ebay:apis:eBLBaseComponents">Success</Ack><CorrelationID xmlns="urn:ebay:apis:eBLBaseComponents">6a503808eb582</CorrelationID><Version xmlns="urn:ebay:apis:eBLBaseComponents">106.0</Version><Build xmlns="urn:ebay:apis:eBLBaseComponents">35824132</Build><RefundTransactionID>4LK505322N065814M</RefundTransactionID><NetRefundAmount xsi:type="cc:BasicAmountType" currencyID="USD">242.75</NetRefundAmount><FeeRefundAmount xsi:type="cc:BasicAmountType" currencyID="USD">7.25</FeeRefundAmount><GrossRefundAmount xsi:type="cc:BasicAmountType" currencyID="USD">250.00</GrossRefundAmount><TotalRefundedAmount xsi:type="cc:BasicAmountType" currencyID="USD">250.00</TotalRefundedAmount><RefundInfo xmlns="urn:ebay:apis:eBLBaseComponents" xsi:type="ebl:RefundInfoType"><RefundStatus xsi:type="ebl:PaymentStatusCodeType">Instant</RefundStatus><PendingReason xsi:type="ebl:PendingStatusCodeType">none</PendingReason></RefundInfo></RefundTransactionResponse></SOAP-ENV:Body></SOAP-ENV:Envelope>
